TN:
SF:src/App.tsx
FN:15,App
FN:21,(anonymous_1)
FN:25,(anonymous_2)
FN:40,(anonymous_3)
FNF:4
FNH:0
FNDA:0,App
FNDA:0,(anonymous_1)
FNDA:0,(anonymous_2)
FNDA:0,(anonymous_3)
DA:16,0
DA:17,0
DA:18,0
DA:21,0
DA:22,0
DA:25,0
DA:26,0
DA:28,0
DA:29,0
DA:30,0
DA:31,0
DA:34,0
DA:35,0
DA:36,0
DA:40,0
DA:41,0
DA:43,0
DA:45,0
DA:47,0
DA:49,0
DA:55,0
DA:57,0
DA:59,0
DA:63,0
LF:24
LH:0
BRDA:28,0,0,0
BRDA:28,0,1,0
BRDA:28,1,0,0
BRDA:28,1,1,0
BRDA:41,2,0,0
BRDA:41,2,1,0
BRDA:41,2,2,0
BRDA:41,2,3,0
BRDA:41,2,4,0
BRDA:41,2,5,0
BRDA:41,2,6,0
BRDA:49,3,0,0
BRDA:49,3,1,0
BRF:13
BRH:0
end_of_record
TN:
SF:src/components/AdminLogin.tsx
FN:16,(anonymous_0)
FN:27,(anonymous_1)
FN:28,(anonymous_2)
FN:47,(anonymous_3)
FN:55,(anonymous_4)
FN:56,(anonymous_5)
FN:68,(anonymous_6)
FN:75,(anonymous_7)
FN:154,(anonymous_8)
FN:214,(anonymous_9)
FN:214,(anonymous_10)
FN:220,(anonymous_11)
FN:265,(anonymous_12)
FN:283,(anonymous_13)
FN:289,(anonymous_14)
FN:309,(anonymous_15)
FNF:16
FNH:0
FNDA:0,(anonymous_0)
FNDA:0,(anonymous_1)
FNDA:0,(anonymous_2)
FNDA:0,(anonymous_3)
FNDA:0,(anonymous_4)
FNDA:0,(anonymous_5)
FNDA:0,(anonymous_6)
FNDA:0,(anonymous_7)
FNDA:0,(anonymous_8)
FNDA:0,(anonymous_9)
FNDA:0,(anonymous_10)
FNDA:0,(anonymous_11)
FNDA:0,(anonymous_12)
FNDA:0,(anonymous_13)
FNDA:0,(anonymous_14)
FNDA:0,(anonymous_15)
DA:16,0
DA:17,0
DA:18,0
DA:19,0
DA:20,0
DA:21,0
DA:22,0
DA:23,0
DA:24,0
DA:27,0
DA:28,0
DA:30,0
DA:31,0
DA:32,0
DA:33,0
DA:37,0
DA:40,0
DA:43,0
DA:44,0
DA:47,0
DA:48,0
DA:49,0
DA:50,0
DA:51,0
DA:52,0
DA:55,0
DA:56,0
DA:57,0
DA:58,0
DA:59,0
DA:61,0
DA:62,0
DA:64,0
DA:68,0
DA:72,0
DA:75,0
DA:76,0
DA:79,0
DA:80,0
DA:85,0
DA:89,0
DA:90,0
DA:95,0
DA:96,0
DA:100,0
DA:101,0
DA:106,0
DA:109,0
DA:110,0
DA:115,0
DA:119,0
DA:120,0
DA:122,0
DA:124,0
DA:126,0
DA:127,0
DA:129,0
DA:130,0
DA:131,0
DA:135,0
DA:138,0
DA:141,0
DA:144,0
DA:146,0
DA:148,0
DA:154,0
DA:155,0
DA:158,0
DA:159,0
DA:164,0
DA:168,0
DA:169,0
DA:172,0
DA:173,0
DA:175,0
DA:176,0
DA:177,0
DA:178,0
DA:185,0
DA:187,0
DA:194,0
DA:198,0
DA:199,0
DA:204,0
DA:208,0
DA:214,0
DA:220,0
DA:265,0
DA:283,0
DA:289,0
DA:309,0
LF:91
LH:0
BRDA:31,0,0,0
BRDA:31,0,1,0
BRDA:49,1,0,0
BRDA:49,1,1,0
BRDA:49,2,0,0
BRDA:49,2,1,0
BRDA:57,3,0,0
BRDA:57,3,1,0
BRDA:79,4,0,0
BRDA:79,4,1,0
BRDA:89,5,0,0
BRDA:89,5,1,0
BRDA:100,6,0,0
BRDA:100,6,1,0
BRDA:109,7,0,0
BRDA:109,7,1,0
BRDA:109,8,0,0
BRDA:109,8,1,0
BRDA:126,9,0,0
BRDA:126,9,1,0
BRDA:130,10,0,0
BRDA:130,10,1,0
BRDA:172,11,0,0
BRDA:172,11,1,0
BRDA:242,12,0,0
BRDA:242,12,1,0
BRDA:281,13,0,0
BRDA:281,13,1,0
BRDA:292,14,0,0
BRDA:292,14,1,0
BRF:30
BRH:0
end_of_record
TN:
SF:src/components/AdminPanel.tsx
FN:44,(anonymous_0)
FN:108,(anonymous_1)
FN:117,(anonymous_2)
FN:142,(anonymous_3)
FN:143,(anonymous_4)
FN:154,(anonymous_5)
FN:161,(anonymous_6)
FN:163,(anonymous_7)
FN:172,(anonymous_8)
FN:174,(anonymous_9)
FN:183,(anonymous_10)
FN:247,(anonymous_11)
FN:296,(anonymous_12)
FN:315,(anonymous_13)
FN:393,(anonymous_14)
FN:399,(anonymous_15)
FN:429,(anonymous_16)
FN:490,(anonymous_17)
FN:530,(anonymous_18)
FN:534,(anonymous_19)
FN:541,(anonymous_20)
FN:569,(anonymous_21)
FN:570,(anonymous_22)
FN:576,(anonymous_23)
FN:582,(anonymous_24)
FN:695,(anonymous_25)
FN:695,(anonymous_26)
FN:700,(anonymous_27)
FN:741,(anonymous_28)
FN:741,(anonymous_29)
FN:759,(anonymous_30)
FN:759,(anonymous_31)
FN:766,(anonymous_32)
FN:810,(anonymous_33)
FN:810,(anonymous_34)
FN:817,(anonymous_35)
FN:844,(anonymous_36)
FN:852,(anonymous_37)
FN:860,(anonymous_38)
FN:868,(anonymous_39)
FN:876,(anonymous_40)
FN:884,(anonymous_41)
FN:902,(anonymous_42)
FN:915,(anonymous_43)
FN:929,(anonymous_44)
FN:965,(anonymous_45)
FN:976,(anonymous_46)
FN:984,(anonymous_47)
FN:998,(anonymous_48)
FN:999,(anonymous_49)
FN:1000,(anonymous_50)
FN:1053,(anonymous_51)
FN:1071,(anonymous_52)
FN:1108,(anonymous_53)
FN:1111,(anonymous_54)
FN:1149,(anonymous_55)
FN:1159,(anonymous_56)
FN:1163,(anonymous_57)
FN:1167,(anonymous_58)
FN:1168,(anonymous_59)
FN:1229,(anonymous_60)
FN:1233,(anonymous_61)
FN:1262,(anonymous_62)
FN:1262,(anonymous_63)
FN:1272,(anonymous_64)
FN:1272,(anonymous_65)
FN:1285,(anonymous_66)
FN:1285,(anonymous_67)
FN:1295,(anonymous_68)
FN:1297,(anonymous_69)
FN:1313,(anonymous_70)
FN:1313,(anonymous_71)
FN:1349,(anonymous_72)
FN:1380,(anonymous_73)
FN:1380,(anonymous_74)
FN:1390,(anonymous_75)
FN:1390,(anonymous_76)
FN:1402,(anonymous_77)
FN:1402,(anonymous_78)
FN:1406,(anonymous_79)
FN:1440,(anonymous_80)
FN:1440,(anonymous_81)
FN:1461,(anonymous_82)
FN:1519,(anonymous_83)
FN:1519,(anonymous_84)
FN:1530,(anonymous_85)
FN:1530,(anonymous_86)
FN:1543,(anonymous_87)
FN:1543,(anonymous_88)
FN:1564,(anonymous_89)
FN:1625,(anonymous_90)
FN:1642,(anonymous_91)
FN:1673,(anonymous_92)
FN:1684,(anonymous_93)
FN:1691,(anonymous_94)
FN:1750,(anonymous_95)
FN:1751,(anonymous_96)
FN:1752,(anonymous_97)
FN:1753,(anonymous_98)
FN:1814,(anonymous_99)
FN:1820,(anonymous_100)
FN:1838,(anonymous_101)
FN:1851,(anonymous_102)
FN:1862,(anonymous_103)
FN:1864,(anonymous_104)
FN:1902,(anonymous_105)
FN:1902,(anonymous_106)
FN:1908,(anonymous_107)
FN:1925,(anonymous_108)
FN:1925,(anonymous_109)
FN:1941,(anonymous_110)
FN:1941,(anonymous_111)
FN:1947,(anonymous_112)
FN:1964,(anonymous_113)
FN:1964,(anonymous_114)
FN:1970,(anonymous_115)
FNF:116
FNH:0
FNDA:0,(anonymous_0)
FNDA:0,(anonymous_1)
FNDA:0,(anonymous_2)
FNDA:0,(anonymous_3)
FNDA:0,(anonymous_4)
FNDA:0,(anonymous_5)
FNDA:0,(anonymous_6)
FNDA:0,(anonymous_7)
FNDA:0,(anonymous_8)
FNDA:0,(anonymous_9)
FNDA:0,(anonymous_10)
FNDA:0,(anonymous_11)
FNDA:0,(anonymous_12)
FNDA:0,(anonymous_13)
FNDA:0,(anonymous_14)
FNDA:0,(anonymous_15)
FNDA:0,(anonymous_16)
FNDA:0,(anonymous_17)
FNDA:0,(anonymous_18)
FNDA:0,(anonymous_19)
FNDA:0,(anonymous_20)
FNDA:0,(anonymous_21)
FNDA:0,(anonymous_22)
FNDA:0,(anonymous_23)
FNDA:0,(anonymous_24)
FNDA:0,(anonymous_25)
FNDA:0,(anonymous_26)
FNDA:0,(anonymous_27)
FNDA:0,(anonymous_28)
FNDA:0,(anonymous_29)
FNDA:0,(anonymous_30)
FNDA:0,(anonymous_31)
FNDA:0,(anonymous_32)
FNDA:0,(anonymous_33)
FNDA:0,(anonymous_34)
FNDA:0,(anonymous_35)
FNDA:0,(anonymous_36)
FNDA:0,(anonymous_37)
FNDA:0,(anonymous_38)
FNDA:0,(anonymous_39)
FNDA:0,(anonymous_40)
FNDA:0,(anonymous_41)
FNDA:0,(anonymous_42)
FNDA:0,(anonymous_43)
FNDA:0,(anonymous_44)
FNDA:0,(anonymous_45)
FNDA:0,(anonymous_46)
FNDA:0,(anonymous_47)
FNDA:0,(anonymous_48)
FNDA:0,(anonymous_49)
FNDA:0,(anonymous_50)
FNDA:0,(anonymous_51)
FNDA:0,(anonymous_52)
FNDA:0,(anonymous_53)
FNDA:0,(anonymous_54)
FNDA:0,(anonymous_55)
FNDA:0,(anonymous_56)
FNDA:0,(anonymous_57)
FNDA:0,(anonymous_58)
FNDA:0,(anonymous_59)
FNDA:0,(anonymous_60)
FNDA:0,(anonymous_61)
FNDA:0,(anonymous_62)
FNDA:0,(anonymous_63)
FNDA:0,(anonymous_64)
FNDA:0,(anonymous_65)
FNDA:0,(anonymous_66)
FNDA:0,(anonymous_67)
FNDA:0,(anonymous_68)
FNDA:0,(anonymous_69)
FNDA:0,(anonymous_70)
FNDA:0,(anonymous_71)
FNDA:0,(anonymous_72)
FNDA:0,(anonymous_73)
FNDA:0,(anonymous_74)
FNDA:0,(anonymous_75)
FNDA:0,(anonymous_76)
FNDA:0,(anonymous_77)
FNDA:0,(anonymous_78)
FNDA:0,(anonymous_79)
FNDA:0,(anonymous_80)
FNDA:0,(anonymous_81)
FNDA:0,(anonymous_82)
FNDA:0,(anonymous_83)
FNDA:0,(anonymous_84)
FNDA:0,(anonymous_85)
FNDA:0,(anonymous_86)
FNDA:0,(anonymous_87)
FNDA:0,(anonymous_88)
FNDA:0,(anonymous_89)
FNDA:0,(anonymous_90)
FNDA:0,(anonymous_91)
FNDA:0,(anonymous_92)
FNDA:0,(anonymous_93)
FNDA:0,(anonymous_94)
FNDA:0,(anonymous_95)
FNDA:0,(anonymous_96)
FNDA:0,(anonymous_97)
FNDA:0,(anonymous_98)
FNDA:0,(anonymous_99)
FNDA:0,(anonymous_100)
FNDA:0,(anonymous_101)
FNDA:0,(anonymous_102)
FNDA:0,(anonymous_103)
FNDA:0,(anonymous_104)
FNDA:0,(anonymous_105)
FNDA:0,(anonymous_106)
FNDA:0,(anonymous_107)
FNDA:0,(anonymous_108)
FNDA:0,(anonymous_109)
FNDA:0,(anonymous_110)
FNDA:0,(anonymous_111)
FNDA:0,(anonymous_112)
FNDA:0,(anonymous_113)
FNDA:0,(anonymous_114)
FNDA:0,(anonymous_115)
DA:29,0
DA:44,0
DA:45,0
DA:46,0
DA:47,0
DA:48,0
DA:49,0
DA:50,0
DA:51,0
DA:52,0
DA:53,0
DA:54,0
DA:55,0
DA:56,0
DA:57,0
DA:58,0
DA:59,0
DA:60,0
DA:65,0
DA:72,0
DA:75,0
DA:83,0
DA:92,0
DA:98,0
DA:99,0
DA:100,0
DA:103,0
DA:104,0
DA:105,0
DA:106,0
DA:108,0
DA:110,0
DA:113,0
DA:114,0
DA:117,0
DA:118,0
DA:119,0
DA:122,0
DA:123,0
DA:124,0
DA:125,0
DA:126,0
DA:130,0
DA:133,0
DA:134,0
DA:135,0
DA:136,0
DA:137,0
DA:138,0
DA:139,0
DA:142,0
DA:143,0
DA:144,0
DA:145,0
DA:146,0
DA:147,0
DA:148,0
DA:150,0
DA:154,0
DA:156,0
DA:161,0
DA:162,0
DA:163,0
DA:164,0
DA:165,0
DA:166,0
DA:167,0
DA:169,0
DA:172,0
DA:173,0
DA:174,0
DA:179,0
DA:183,0
DA:184,0
DA:187,0
DA:188,0
DA:193,0
DA:197,0
DA:198,0
DA:203,0
DA:204,0
DA:208,0
DA:209,0
DA:214,0
DA:217,0
DA:218,0
DA:219,0
DA:223,0
DA:224,0
DA:226,0
DA:227,0
DA:229,0
DA:230,0
DA:231,0
DA:234,0
DA:235,0
DA:238,0
DA:239,0
DA:242,0
DA:244,0
DA:247,0
DA:248,0
DA:249,0
DA:250,0
DA:251,0
DA:252,0
DA:254,0
DA:257,0
DA:258,0
DA:261,0
DA:262,0
DA:263,0
DA:264,0
DA:265,0
DA:266,0
DA:273,0
DA:275,0
DA:282,0
DA:286,0
DA:287,0
DA:292,0
DA:296,0
DA:297,0
DA:298,0
DA:299,0
DA:300,0
DA:302,0
DA:303,0
DA:304,0
DA:305,0
DA:308,0
DA:310,0
DA:312,0
DA:315,0
DA:316,0
DA:319,0
DA:320,0
DA:325,0
DA:326,0
DA:330,0
DA:331,0
DA:332,0
DA:333,0
DA:335,0
DA:336,0
DA:337,0
DA:341,0
DA:342,0
DA:343,0
DA:344,0
DA:345,0
DA:349,0
DA:350,0
DA:351,0
DA:355,0
DA:356,0
DA:357,0
DA:361,0
DA:362,0
DA:363,0
DA:364,0
DA:365,0
DA:369,0
DA:371,0
DA:374,0
DA:377,0
DA:384,0
DA:386,0
DA:387,0
DA:388,0
DA:392,0
DA:394,0
DA:400,0
DA:402,0
DA:404,0
DA:405,0
DA:408,0
DA:409,0
DA:412,0
DA:413,0
DA:416,0
DA:417,0
DA:418,0
DA:419,0
DA:422,0
DA:426,0
DA:429,0
DA:430,0
DA:431,0
DA:432,0
DA:435,0
DA:436,0
DA:437,0
DA:438,0
DA:441,0
DA:442,0
DA:443,0
DA:446,0
DA:451,0
DA:453,0
DA:456,0
DA:464,0
DA:467,0
DA:468,0
DA:469,0
DA:470,0
DA:471,0
DA:473,0
DA:474,0
DA:479,0
DA:481,0
DA:483,0
DA:490,0
DA:491,0
DA:492,0
DA:493,0
DA:498,0
DA:501,0
DA:511,0
DA:512,0
DA:513,0
DA:514,0
DA:521,0
DA:523,0
DA:530,0
DA:531,0
DA:532,0
DA:533,0
DA:534,0
DA:535,0
DA:537,0
DA:541,0
DA:542,0
DA:543,0
DA:544,0
DA:545,0
DA:548,0
DA:557,0
DA:558,0
DA:559,0
DA:562,0
DA:563,0
DA:569,0
DA:570,0
DA:575,0
DA:576,0
DA:578,0
DA:579,0
DA:582,0
DA:583,0
DA:586,0
DA:587,0
DA:592,0
DA:596,0
DA:597,0
DA:598,0
DA:603,0
DA:607,0
DA:608,0
DA:609,0
DA:614,0
DA:618,0
DA:620,0
DA:621,0
DA:626,0
DA:630,0
DA:632,0
DA:633,0
DA:638,0
DA:642,0
DA:654,0
DA:655,0
DA:658,0
DA:659,0
DA:662,0
DA:670,0
DA:677,0
DA:679,0
DA:680,0
DA:688,0
DA:689,0
DA:695,0
DA:700,0
DA:741,0
DA:759,0
DA:766,0
DA:804,0
DA:810,0
DA:817,0
DA:844,0
DA:852,0
DA:860,0
DA:868,0
DA:876,0
DA:884,0
DA:902,0
DA:915,0
DA:929,0
DA:965,0
DA:976,0
DA:984,0
DA:998,0
DA:999,0
DA:1001,0
DA:1002,0
DA:1010,0
DA:1053,0
DA:1072,0
DA:1073,0
DA:1074,0
DA:1075,0
DA:1076,0
DA:1077,0
DA:1078,0
DA:1079,0
DA:1080,0
DA:1086,0
DA:1087,0
DA:1109,0
DA:1111,0
DA:1149,0
DA:1160,0
DA:1164,0
DA:1167,0
DA:1169,0
DA:1230,0
DA:1234,0
DA:1262,0
DA:1272,0
DA:1285,0
DA:1296,0
DA:1297,0
DA:1313,0
DA:1350,0
DA:1380,0
DA:1390,0
DA:1402,0
DA:1407,0
DA:1440,0
DA:1462,0
DA:1519,0
DA:1530,0
DA:1543,0
DA:1565,0
DA:1625,0
DA:1642,0
DA:1674,0
DA:1675,0
DA:1676,0
DA:1677,0
DA:1678,0
DA:1680,0
DA:1685,0
DA:1686,0
DA:1687,0
DA:1688,0
DA:1689,0
DA:1690,0
DA:1691,0
DA:1693,0
DA:1694,0
DA:1695,0
DA:1697,0
DA:1699,0
DA:1750,0
DA:1751,0
DA:1752,0
DA:1753,0
DA:1814,0
DA:1820,0
DA:1838,0
DA:1851,0
DA:1864,0
DA:1865,0
DA:1869,0
DA:1902,0
DA:1908,0
DA:1925,0
DA:1941,0
DA:1947,0
DA:1964,0
DA:1970,0
LF:382
LH:0
BRDA:122,0,0,0
BRDA:122,0,1,0
BRDA:134,1,0,0
BRDA:134,1,1,0
BRDA:136,2,0,0
BRDA:136,2,1,0
BRDA:144,3,0,0
BRDA:144,3,1,0
BRDA:162,4,0,0
BRDA:162,4,1,0
BRDA:187,5,0,0
BRDA:187,5,1,0
BRDA:197,6,0,0
BRDA:197,6,1,0
BRDA:208,7,0,0
BRDA:208,7,1,0
BRDA:217,8,0,0
BRDA:217,8,1,0
BRDA:217,9,0,0
BRDA:217,9,1,0
BRDA:227,10,0,0
BRDA:227,10,1,0
BRDA:230,11,0,0
BRDA:230,11,1,0
BRDA:261,12,0,0
BRDA:261,12,1,0
BRDA:302,13,0,0
BRDA:302,13,1,0
BRDA:319,14,0,0
BRDA:319,14,1,0
BRDA:335,15,0,0
BRDA:335,15,1,0
BRDA:335,16,0,0
BRDA:335,16,1,0
BRDA:335,16,2,0
BRDA:342,17,0,0
BRDA:342,17,1,0
BRDA:349,18,0,0
BRDA:349,18,1,0
BRDA:355,19,0,0
BRDA:355,19,1,0
BRDA:361,20,0,0
BRDA:361,20,1,0
BRDA:363,21,0,0
BRDA:363,21,1,0
BRDA:394,22,0,0
BRDA:394,22,1,0
BRDA:394,22,2,0
BRDA:394,22,3,0
BRDA:402,23,0,0
BRDA:402,23,1,0
BRDA:402,23,2,0
BRDA:402,23,3,0
BRDA:402,23,4,0
BRDA:416,24,0,0
BRDA:416,24,1,0
BRDA:417,25,0,0
BRDA:417,25,1,0
BRDA:426,26,0,0
BRDA:426,26,1,0
BRDA:430,27,0,0
BRDA:430,27,1,0
BRDA:430,28,0,0
BRDA:430,28,1,0
BRDA:436,29,0,0
BRDA:436,29,1,0
BRDA:436,30,0,0
BRDA:436,30,1,0
BRDA:441,31,0,0
BRDA:441,31,1,0
BRDA:441,32,0,0
BRDA:441,32,1,0
BRDA:448,33,0,0
BRDA:448,33,1,0
BRDA:459,34,0,0
BRDA:459,34,1,0
BRDA:461,35,0,0
BRDA:461,35,1,0
BRDA:484,36,0,0
BRDA:484,36,1,0
BRDA:492,37,0,0
BRDA:492,37,1,0
BRDA:492,38,0,0
BRDA:492,38,1,0
BRDA:492,38,2,0
BRDA:508,39,0,0
BRDA:508,39,1,0
BRDA:532,40,0,0
BRDA:532,40,1,0
BRDA:543,41,0,0
BRDA:543,41,1,0
BRDA:543,42,0,0
BRDA:543,42,1,0
BRDA:586,43,0,0
BRDA:586,43,1,0
BRDA:586,44,0,0
BRDA:586,44,1,0
BRDA:586,44,2,0
BRDA:586,44,3,0
BRDA:586,44,4,0
BRDA:597,45,0,0
BRDA:597,45,1,0
BRDA:608,46,0,0
BRDA:608,46,1,0
BRDA:620,47,0,0
BRDA:620,47,1,0
BRDA:632,48,0,0
BRDA:632,48,1,0
BRDA:688,49,0,0
BRDA:688,49,1,0
BRDA:720,50,0,0
BRDA:720,50,1,0
BRDA:757,51,0,0
BRDA:757,51,1,0
BRDA:768,52,0,0
BRDA:768,52,1,0
BRDA:770,53,0,0
BRDA:770,53,1,0
BRDA:842,54,0,0
BRDA:842,54,1,0
BRDA:843,55,0,0
BRDA:843,55,1,0
BRDA:850,56,0,0
BRDA:850,56,1,0
BRDA:851,57,0,0
BRDA:851,57,1,0
BRDA:858,58,0,0
BRDA:858,58,1,0
BRDA:859,59,0,0
BRDA:859,59,1,0
BRDA:866,60,0,0
BRDA:866,60,1,0
BRDA:867,61,0,0
BRDA:867,61,1,0
BRDA:874,62,0,0
BRDA:874,62,1,0
BRDA:875,63,0,0
BRDA:875,63,1,0
BRDA:882,64,0,0
BRDA:882,64,1,0
BRDA:883,65,0,0
BRDA:883,65,1,0
BRDA:894,66,0,0
BRDA:894,66,1,0
BRDA:932,67,0,0
BRDA:932,67,1,0
BRDA:933,68,0,0
BRDA:933,68,1,0
BRDA:940,69,0,0
BRDA:940,69,1,0
BRDA:1014,70,0,0
BRDA:1014,70,1,0
BRDA:1023,71,0,0
BRDA:1023,71,1,0
BRDA:1025,72,0,0
BRDA:1025,72,1,0
BRDA:1029,73,0,0
BRDA:1029,73,1,0
BRDA:1033,74,0,0
BRDA:1033,74,1,0
BRDA:1053,75,0,0
BRDA:1053,75,1,0
BRDA:1072,76,0,0
BRDA:1072,76,1,0
BRDA:1113,77,0,0
BRDA:1113,77,1,0
BRDA:1160,78,0,0
BRDA:1160,78,1,0
BRDA:1160,78,2,0
BRDA:1160,78,3,0
BRDA:1175,79,0,0
BRDA:1175,79,1,0
BRDA:1176,80,0,0
BRDA:1176,80,1,0
BRDA:1195,81,0,0
BRDA:1195,81,1,0
BRDA:1196,82,0,0
BRDA:1196,82,1,0
BRDA:1211,83,0,0
BRDA:1211,83,1,0
BRDA:1216,84,0,0
BRDA:1216,84,1,0
BRDA:1229,85,0,0
BRDA:1229,85,1,0
BRDA:1230,86,0,0
BRDA:1230,86,1,0
BRDA:1230,86,2,0
BRDA:1230,86,3,0
BRDA:1238,87,0,0
BRDA:1238,87,1,0
BRDA:1247,88,0,0
BRDA:1247,88,1,0
BRDA:1368,89,0,0
BRDA:1368,89,1,0
BRDA:1423,90,0,0
BRDA:1423,90,1,0
BRDA:1465,91,0,0
BRDA:1465,91,1,0
BRDA:1469,92,0,0
BRDA:1469,92,1,0
BRDA:1483,93,0,0
BRDA:1483,93,1,0
BRDA:1483,93,2,0
BRDA:1494,94,0,0
BRDA:1494,94,1,0
BRDA:1495,95,0,0
BRDA:1495,95,1,0
BRDA:1507,96,0,0
BRDA:1507,96,1,0
BRDA:1568,97,0,0
BRDA:1568,97,1,0
BRDA:1573,98,0,0
BRDA:1573,98,1,0
BRDA:1574,99,0,0
BRDA:1574,99,1,0
BRDA:1586,100,0,0
BRDA:1586,100,1,0
BRDA:1587,101,0,0
BRDA:1587,101,1,0
BRDA:1601,102,0,0
BRDA:1601,102,1,0
BRDA:1624,103,0,0
BRDA:1624,103,1,0
BRDA:1695,104,0,0
BRDA:1695,104,1,0
BRDA:1750,105,0,0
BRDA:1750,105,1,0
BRDA:1751,106,0,0
BRDA:1751,106,1,0
BRDA:1752,107,0,0
BRDA:1752,107,1,0
BRDA:1850,108,0,0
BRDA:1850,108,1,0
BRDA:1865,109,0,0
BRDA:1865,109,1,0
BRDA:1865,109,2,0
BRDA:1886,110,0,0
BRDA:1886,110,1,0
BRDA:1900,111,0,0
BRDA:1900,111,1,0
BRDA:1911,112,0,0
BRDA:1911,112,1,0
BRDA:1939,113,0,0
BRDA:1939,113,1,0
BRDA:1950,114,0,0
BRDA:1950,114,1,0
BRDA:1962,115,0,0
BRDA:1962,115,1,0
BRDA:1973,116,0,0
BRDA:1973,116,1,0
BRF:250
BRH:0
end_of_record
TN:
SF:src/components/CustomerProfile.tsx
FN:15,(anonymous_0)
FN:29,(anonymous_1)
FN:33,(anonymous_2)
FN:47,(anonymous_3)
FN:51,(anonymous_4)
FN:70,(anonymous_5)
FN:76,(anonymous_6)
FN:80,(anonymous_7)
FN:104,(anonymous_8)
FN:111,(anonymous_9)
FN:139,(anonymous_10)
FN:152,(anonymous_11)
FN:162,(anonymous_12)
FN:213,(anonymous_13)
FN:226,(anonymous_14)
FN:246,(anonymous_15)
FN:360,(anonymous_16)
FN:412,(anonymous_17)
FN:414,(anonymous_18)
FN:414,(anonymous_19)
FN:468,(anonymous_20)
FN:469,(anonymous_21)
FN:471,(anonymous_22)
FN:508,(anonymous_23)
FNF:24
FNH:0
FNDA:0,(anonymous_0)
FNDA:0,(anonymous_1)
FNDA:0,(anonymous_2)
FNDA:0,(anonymous_3)
FNDA:0,(anonymous_4)
FNDA:0,(anonymous_5)
FNDA:0,(anonymous_6)
FNDA:0,(anonymous_7)
FNDA:0,(anonymous_8)
FNDA:0,(anonymous_9)
FNDA:0,(anonymous_10)
FNDA:0,(anonymous_11)
FNDA:0,(anonymous_12)
FNDA:0,(anonymous_13)
FNDA:0,(anonymous_14)
FNDA:0,(anonymous_15)
FNDA:0,(anonymous_16)
FNDA:0,(anonymous_17)
FNDA:0,(anonymous_18)
FNDA:0,(anonymous_19)
FNDA:0,(anonymous_20)
FNDA:0,(anonymous_21)
FNDA:0,(anonymous_22)
FNDA:0,(anonymous_23)
DA:15,0
DA:16,0
DA:17,0
DA:18,0
DA:19,0
DA:20,0
DA:21,0
DA:27,0
DA:29,0
DA:30,0
DA:33,0
DA:34,0
DA:35,0
DA:37,0
DA:39,0
DA:40,0
DA:44,0
DA:45,0
DA:46,0
DA:47,0
DA:49,0
DA:50,0
DA:51,0
DA:54,0
DA:56,0
DA:61,0
DA:64,0
DA:65,0
DA:67,0
DA:70,0
DA:71,0
DA:76,0
DA:77,0
DA:80,0
DA:82,0
DA:83,0
DA:84,0
DA:85,0
DA:88,0
DA:89,0
DA:91,0
DA:92,0
DA:93,0
DA:94,0
DA:98,0
DA:99,0
DA:100,0
DA:103,0
DA:104,0
DA:105,0
DA:107,0
DA:111,0
DA:113,0
DA:114,0
DA:115,0
DA:116,0
DA:119,0
DA:121,0
DA:126,0
DA:127,0
DA:128,0
DA:129,0
DA:132,0
DA:134,0
DA:135,0
DA:139,0
DA:140,0
DA:141,0
DA:146,0
DA:152,0
DA:163,0
DA:164,0
DA:165,0
DA:166,0
DA:167,0
DA:169,0
DA:170,0
DA:213,0
DA:226,0
DA:246,0
DA:361,0
DA:362,0
DA:412,0
DA:414,0
DA:415,0
DA:468,0
DA:469,0
DA:472,0
DA:509,0
LF:89
LH:0
BRDA:35,0,0,0
BRDA:35,0,1,0
BRDA:37,1,0,0
BRDA:37,1,1,0
BRDA:37,2,0,0
BRDA:37,2,1,0
BRDA:46,3,0,0
BRDA:46,3,1,0
BRDA:50,4,0,0
BRDA:50,4,1,0
BRDA:82,5,0,0
BRDA:82,5,1,0
BRDA:89,6,0,0
BRDA:89,6,1,0
BRDA:92,7,0,0
BRDA:92,7,1,0
BRDA:98,8,0,0
BRDA:98,8,1,0
BRDA:113,9,0,0
BRDA:113,9,1,0
BRDA:185,10,0,0
BRDA:185,10,1,0
BRDA:189,11,0,0
BRDA:189,11,1,0
BRDA:189,11,2,0
BRDA:215,12,0,0
BRDA:215,12,1,0
BRDA:241,13,0,0
BRDA:241,13,1,0
BRDA:322,14,0,0
BRDA:322,14,1,0
BRDA:365,15,0,0
BRDA:365,15,1,0
BRDA:369,16,0,0
BRDA:369,16,1,0
BRDA:370,17,0,0
BRDA:370,17,1,0
BRDA:374,18,0,0
BRDA:374,18,1,0
BRDA:383,19,0,0
BRDA:383,19,1,0
BRDA:384,20,0,0
BRDA:384,20,1,0
BRDA:386,21,0,0
BRDA:386,21,1,0
BRDA:412,22,0,0
BRDA:412,22,1,0
BRDA:459,23,0,0
BRDA:459,23,1,0
BRDA:496,24,0,0
BRDA:496,24,1,0
BRDA:515,25,0,0
BRDA:515,25,1,0
BRDA:516,26,0,0
BRDA:516,26,1,0
BRDA:519,27,0,0
BRDA:519,27,1,0
BRDA:520,28,0,0
BRDA:520,28,1,0
BRDA:530,29,0,0
BRDA:530,29,1,0
BRDA:531,30,0,0
BRDA:531,30,1,0
BRF:63
BRH:0
end_of_record
TN:
SF:src/components/DebugButton.tsx
FN:10,(anonymous_0)
FN:22,(anonymous_1)
FN:24,(anonymous_2)
FN:25,(anonymous_3)
FN:29,(anonymous_4)
FN:35,(anonymous_5)
FN:43,(anonymous_6)
FN:48,(anonymous_7)
FN:58,(anonymous_8)
FN:104,(anonymous_9)
FNF:10
FNH:0
FNDA:0,(anonymous_0)
FNDA:0,(anonymous_1)
FNDA:0,(anonymous_2)
FNDA:0,(anonymous_3)
FNDA:0,(anonymous_4)
FNDA:0,(anonymous_5)
FNDA:0,(anonymous_6)
FNDA:0,(anonymous_7)
FNDA:0,(anonymous_8)
FNDA:0,(anonymous_9)
DA:10,0
DA:14,0
DA:15,0
DA:16,0
DA:17,0
DA:20,0
DA:22,0
DA:24,0
DA:25,0
DA:26,0
DA:29,0
DA:32,0
DA:35,0
DA:36,0
DA:37,0
DA:40,0
DA:41,0
DA:43,0
DA:44,0
DA:48,0
DA:49,0
DA:55,0
DA:58,0
DA:59,0
DA:60,0
DA:61,0
DA:64,0
DA:66,0
DA:104,0
LF:29
LH:0
BRDA:11,0,0,0
BRDA:12,1,0,0
BRDA:20,2,0,0
BRDA:20,2,1,0
BRDA:37,3,0,0
BRDA:37,3,1,0
BRDA:64,4,0,0
BRDA:64,4,1,0
BRDA:75,5,0,0
BRDA:75,5,1,0
BRDA:95,6,0,0
BRDA:95,6,1,0
BRDA:97,7,0,0
BRDA:97,7,1,0
BRF:14
BRH:0
end_of_record
TN:
SF:src/components/DebugPanel.tsx
FN:9,(anonymous_0)
FN:28,(anonymous_1)
FN:29,(anonymous_2)
FN:36,(anonymous_3)
FN:49,(anonymous_4)
FN:54,(anonymous_5)
FN:57,(anonymous_6)
FN:58,(anonymous_7)
FN:62,(anonymous_8)
FN:68,(anonymous_9)
FN:83,(anonymous_10)
FN:88,(anonymous_11)
FN:99,(anonymous_12)
FN:130,(anonymous_13)
FN:133,(anonymous_14)
FN:161,(anonymous_15)
FN:161,(anonymous_16)
FN:177,(anonymous_17)
FN:177,(anonymous_18)
FN:181,(anonymous_19)
FN:192,(anonymous_20)
FN:192,(anonymous_21)
FN:203,(anonymous_22)
FN:211,(anonymous_23)
FN:217,(anonymous_24)
FN:235,(anonymous_25)
FN:324,(anonymous_26)
FN:340,(anonymous_27)
FN:342,(anonymous_28)
FN:365,(anonymous_29)
FN:374,(anonymous_30)
FN:390,(anonymous_31)
FN:400,(anonymous_32)
FN:413,(anonymous_33)
FN:423,(anonymous_34)
FNF:35
FNH:0
FNDA:0,(anonymous_0)
FNDA:0,(anonymous_1)
FNDA:0,(anonymous_2)
FNDA:0,(anonymous_3)
FNDA:0,(anonymous_4)
FNDA:0,(anonymous_5)
FNDA:0,(anonymous_6)
FNDA:0,(anonymous_7)
FNDA:0,(anonymous_8)
FNDA:0,(anonymous_9)
FNDA:0,(anonymous_10)
FNDA:0,(anonymous_11)
FNDA:0,(anonymous_12)
FNDA:0,(anonymous_13)
FNDA:0,(anonymous_14)
FNDA:0,(anonymous_15)
FNDA:0,(anonymous_16)
FNDA:0,(anonymous_17)
FNDA:0,(anonymous_18)
FNDA:0,(anonymous_19)
FNDA:0,(anonymous_20)
FNDA:0,(anonymous_21)
FNDA:0,(anonymous_22)
FNDA:0,(anonymous_23)
FNDA:0,(anonymous_24)
FNDA:0,(anonymous_25)
FNDA:0,(anonymous_26)
FNDA:0,(anonymous_27)
FNDA:0,(anonymous_28)
FNDA:0,(anonymous_29)
FNDA:0,(anonymous_30)
FNDA:0,(anonymous_31)
FNDA:0,(anonymous_32)
FNDA:0,(anonymous_33)
FNDA:0,(anonymous_34)
DA:9,0
DA:10,0
DA:11,0
DA:16,0
DA:24,0
DA:25,0
DA:28,0
DA:29,0
DA:30,0
DA:35,0
DA:37,0
DA:42,0
DA:45,0
DA:47,0
DA:48,0
DA:49,0
DA:54,0
DA:57,0
DA:58,0
DA:59,0
DA:62,0
DA:63,0
DA:64,0
DA:65,0
DA:68,0
DA:69,0
DA:70,0
DA:73,0
DA:74,0
DA:75,0
DA:76,0
DA:77,0
DA:78,0
DA:79,0
DA:80,0
DA:83,0
DA:84,0
DA:85,0
DA:88,0
DA:89,0
DA:96,0
DA:99,0
DA:100,0
DA:101,0
DA:102,0
DA:104,0
DA:108,0
DA:110,0
DA:131,0
DA:133,0
DA:161,0
DA:177,0
DA:182,0
DA:192,0
DA:203,0
DA:211,0
DA:217,0
DA:236,0
DA:325,0
DA:340,0
DA:343,0
DA:365,0
DA:374,0
DA:390,0
DA:400,0
DA:413,0
DA:423,0
LF:67
LH:0
BRDA:31,0,0,0
BRDA:31,0,1,0
BRDA:32,1,0,0
BRDA:32,1,1,0
BRDA:35,2,0,0
BRDA:35,2,1,0
BRDA:37,3,0,0
BRDA:37,3,1,0
BRDA:37,3,2,0
BRDA:47,4,0,0
BRDA:47,4,1,0
BRDA:71,5,0,0
BRDA:71,5,1,0
BRDA:96,6,0,0
BRDA:96,6,1,0
BRDA:100,7,0,0
BRDA:100,7,1,0
BRDA:108,8,0,0
BRDA:108,8,1,0
BRDA:135,9,0,0
BRDA:135,9,1,0
BRDA:141,10,0,0
BRDA:141,10,1,0
BRDA:152,11,0,0
BRDA:152,11,1,0
BRDA:239,12,0,0
BRDA:239,12,1,0
BRDA:240,13,0,0
BRDA:240,13,1,0
BRDA:241,14,0,0
BRDA:241,14,1,0
BRDA:254,15,0,0
BRDA:254,15,1,0
BRDA:263,16,0,0
BRDA:263,16,1,0
BRDA:263,16,2,0
BRDA:273,17,0,0
BRDA:273,17,1,0
BRDA:287,18,0,0
BRDA:287,18,1,0
BRDA:297,19,0,0
BRDA:297,19,1,0
BRDA:311,20,0,0
BRDA:311,20,1,0
BRDA:312,21,0,0
BRDA:312,21,1,0
BRDA:355,22,0,0
BRDA:355,22,1,0
BRF:48
BRH:0
end_of_record
TN:
SF:src/components/FirebaseInitializer.tsx
FN:8,(anonymous_0)
FN:12,(anonymous_1)
FN:13,(anonymous_2)
FN:18,(anonymous_3)
FN:49,(anonymous_4)
FNF:5
FNH:0
FNDA:0,(anonymous_0)
FNDA:0,(anonymous_1)
FNDA:0,(anonymous_2)
FNDA:0,(anonymous_3)
FNDA:0,(anonymous_4)
DA:8,0
DA:9,0
DA:10,0
DA:12,0
DA:13,0
DA:14,0
DA:15,0
DA:18,0
DA:21,0
DA:23,0
DA:24,0
DA:26,0
DA:27,0
DA:29,0
DA:30,0
DA:31,0
DA:32,0
DA:34,0
DA:39,0
DA:42,0
DA:43,0
DA:49,0
DA:59,0
DA:60,0
DA:71,0
LF:25
LH:0
BRDA:27,0,0,0
BRDA:27,0,1,0
BRDA:29,1,0,0
BRDA:29,1,1,0
BRDA:31,2,0,0
BRDA:31,2,1,0
BRDA:31,3,0,0
BRDA:31,3,1,0
BRDA:42,4,0,0
BRDA:42,4,1,0
BRDA:59,5,0,0
BRDA:59,5,1,0
BRF:12
BRH:0
end_of_record
TN:
SF:src/components/HomePage.tsx
FN:16,(anonymous_0)
FN:20,(anonymous_1)
FN:24,(anonymous_2)
FN:29,(anonymous_3)
FN:32,(anonymous_4)
FN:42,(anonymous_5)
FN:45,(anonymous_6)
FN:77,(anonymous_7)
FN:88,(anonymous_8)
FN:98,(anonymous_9)
FN:116,(anonymous_10)
FN:158,(anonymous_11)
FN:196,(anonymous_12)
FN:258,(anonymous_13)
FNF:14
FNH:0
FNDA:0,(anonymous_0)
FNDA:0,(anonymous_1)
FNDA:0,(anonymous_2)
FNDA:0,(anonymous_3)
FNDA:0,(anonymous_4)
FNDA:0,(anonymous_5)
FNDA:0,(anonymous_6)
FNDA:0,(anonymous_7)
FNDA:0,(anonymous_8)
FNDA:0,(anonymous_9)
FNDA:0,(anonymous_10)
FNDA:0,(anonymous_11)
FNDA:0,(anonymous_12)
FNDA:0,(anonymous_13)
DA:16,0
DA:17,0
DA:18,0
DA:20,0
DA:21,0
DA:24,0
DA:25,0
DA:29,0
DA:30,0
DA:32,0
DA:33,0
DA:36,0
DA:37,0
DA:38,0
DA:40,0
DA:41,0
DA:42,0
DA:43,0
DA:45,0
DA:46,0
DA:47,0
DA:49,0
DA:52,0
DA:55,0
DA:57,0
DA:63,0
DA:65,0
DA:78,0
DA:79,0
DA:88,0
DA:99,0
DA:100,0
DA:101,0
DA:102,0
DA:103,0
DA:105,0
DA:106,0
DA:116,0
DA:159,0
DA:160,0
DA:161,0
DA:163,0
DA:197,0
DA:259,0
DA:260,0
LF:45
LH:0
BRDA:36,0,0,0
BRDA:36,0,1,0
BRDA:40,1,0,0
BRDA:40,1,1,0
BRDA:46,2,0,0
BRDA:46,2,1,0
BRDA:75,3,0,0
BRDA:75,3,1,0
BRDA:96,4,0,0
BRDA:96,4,1,0
BRDA:131,5,0,0
BRDA:131,5,1,0
BRDA:134,6,0,0
BRDA:134,6,1,0
BRDA:137,7,0,0
BRDA:137,7,1,0
BRDA:171,8,0,0
BRDA:171,8,1,0
BRDA:200,9,0,0
BRDA:200,9,1,0
BRF:20
BRH:0
end_of_record
TN:
SF:src/components/Login.tsx
FN:17,(anonymous_0)
FN:42,(anonymous_1)
FN:43,(anonymous_2)
FN:74,(anonymous_3)
FN:82,(anonymous_4)
FN:83,(anonymous_5)
FN:95,(anonymous_6)
FN:102,(anonymous_7)
FN:176,(anonymous_8)
FN:231,(anonymous_9)
FN:242,(anonymous_10)
FN:330,(anonymous_11)
FN:344,(anonymous_12)
FN:344,(anonymous_13)
FN:353,(anonymous_14)
FN:393,(anonymous_15)
FN:447,(anonymous_16)
FN:488,(anonymous_17)
FN:510,(anonymous_18)
FN:513,(anonymous_19)
FN:523,(anonymous_20)
FN:523,(anonymous_21)
FN:535,(anonymous_22)
FN:535,(anonymous_23)
FN:562,(anonymous_24)
FN:562,(anonymous_25)
FN:567,(anonymous_26)
FN:583,(anonymous_27)
FN:583,(anonymous_28)
FN:588,(anonymous_29)
FNF:30
FNH:0
FNDA:0,(anonymous_0)
FNDA:0,(anonymous_1)
FNDA:0,(anonymous_2)
FNDA:0,(anonymous_3)
FNDA:0,(anonymous_4)
FNDA:0,(anonymous_5)
FNDA:0,(anonymous_6)
FNDA:0,(anonymous_7)
FNDA:0,(anonymous_8)
FNDA:0,(anonymous_9)
FNDA:0,(anonymous_10)
FNDA:0,(anonymous_11)
FNDA:0,(anonymous_12)
FNDA:0,(anonymous_13)
FNDA:0,(anonymous_14)
FNDA:0,(anonymous_15)
FNDA:0,(anonymous_16)
FNDA:0,(anonymous_17)
FNDA:0,(anonymous_18)
FNDA:0,(anonymous_19)
FNDA:0,(anonymous_20)
FNDA:0,(anonymous_21)
FNDA:0,(anonymous_22)
FNDA:0,(anonymous_23)
FNDA:0,(anonymous_24)
FNDA:0,(anonymous_25)
FNDA:0,(anonymous_26)
FNDA:0,(anonymous_27)
FNDA:0,(anonymous_28)
FNDA:0,(anonymous_29)
DA:17,0
DA:18,0
DA:19,0
DA:20,0
DA:21,0
DA:22,0
DA:23,0
DA:26,0
DA:27,0
DA:31,0
DA:32,0
DA:33,0
DA:34,0
DA:35,0
DA:36,0
DA:42,0
DA:43,0
DA:45,0
DA:46,0
DA:48,0
DA:49,0
DA:50,0
DA:51,0
DA:52,0
DA:53,0
DA:54,0
DA:55,0
DA:57,0
DA:58,0
DA:61,0
DA:64,0
DA:67,0
DA:68,0
DA:71,0
DA:74,0
DA:75,0
DA:76,0
DA:77,0
DA:78,0
DA:79,0
DA:82,0
DA:83,0
DA:84,0
DA:85,0
DA:86,0
DA:88,0
DA:89,0
DA:91,0
DA:95,0
DA:99,0
DA:102,0
DA:103,0
DA:106,0
DA:107,0
DA:112,0
DA:116,0
DA:117,0
DA:122,0
DA:123,0
DA:127,0
DA:128,0
DA:133,0
DA:136,0
DA:137,0
DA:142,0
DA:146,0
DA:148,0
DA:149,0
DA:151,0
DA:152,0
DA:154,0
DA:155,0
DA:156,0
DA:160,0
DA:163,0
DA:166,0
DA:168,0
DA:170,0
DA:176,0
DA:177,0
DA:180,0
DA:181,0
DA:186,0
DA:190,0
DA:191,0
DA:194,0
DA:195,0
DA:197,0
DA:198,0
DA:199,0
DA:200,0
DA:207,0
DA:209,0
DA:216,0
DA:220,0
DA:221,0
DA:226,0
DA:231,0
DA:232,0
DA:233,0
DA:234,0
DA:235,0
DA:236,0
DA:238,0
DA:242,0
DA:243,0
DA:245,0
DA:246,0
DA:247,0
DA:249,0
DA:250,0
DA:257,0
DA:259,0
DA:260,0
DA:261,0
DA:268,0
DA:270,0
DA:277,0
DA:281,0
DA:284,0
DA:286,0
DA:287,0
DA:292,0
DA:295,0
DA:296,0
DA:301,0
DA:305,0
DA:307,0
DA:314,0
DA:315,0
DA:316,0
DA:317,0
DA:318,0
DA:321,0
DA:322,0
DA:330,0
DA:331,0
DA:332,0
DA:333,0
DA:334,0
DA:335,0
DA:338,0
DA:344,0
DA:353,0
DA:394,0
DA:397,0
DA:398,0
DA:399,0
DA:403,0
DA:404,0
DA:405,0
DA:409,0
DA:410,0
DA:411,0
DA:412,0
DA:416,0
DA:417,0
DA:419,0
DA:421,0
DA:447,0
DA:489,0
DA:511,0
DA:512,0
DA:513,0
DA:523,0
DA:535,0
DA:562,0
DA:567,0
DA:583,0
DA:588,0
LF:170
LH:0
BRDA:46,0,0,0
BRDA:46,0,1,0
BRDA:50,1,0,0
BRDA:50,1,1,0
BRDA:51,2,0,0
BRDA:51,2,1,0
BRDA:52,3,0,0
BRDA:52,3,1,0
BRDA:76,4,0,0
BRDA:76,4,1,0
BRDA:76,5,0,0
BRDA:76,5,1,0
BRDA:84,6,0,0
BRDA:84,6,1,0
BRDA:106,7,0,0
BRDA:106,7,1,0
BRDA:116,8,0,0
BRDA:116,8,1,0
BRDA:127,9,0,0
BRDA:127,9,1,0
BRDA:136,10,0,0
BRDA:136,10,1,0
BRDA:151,11,0,0
BRDA:151,11,1,0
BRDA:155,12,0,0
BRDA:155,12,1,0
BRDA:194,13,0,0
BRDA:194,13,1,0
BRDA:246,14,0,0
BRDA:246,14,1,0
BRDA:247,15,0,0
BRDA:247,15,1,0
BRDA:259,16,0,0
BRDA:259,16,1,0
BRDA:284,17,0,0
BRDA:284,17,1,0
BRDA:286,18,0,0
BRDA:286,18,1,0
BRDA:295,19,0,0
BRDA:295,19,1,0
BRDA:375,20,0,0
BRDA:375,20,1,0
BRDA:397,21,0,0
BRDA:397,21,1,0
BRDA:403,22,0,0
BRDA:403,22,1,0
BRDA:409,23,0,0
BRDA:409,23,1,0
BRDA:461,24,0,0
BRDA:461,24,1,0
BRDA:466,25,0,0
BRDA:466,25,1,0
BRDA:467,26,0,0
BRDA:467,26,1,0
BRDA:480,27,0,0
BRDA:480,27,1,0
BRDA:492,28,0,0
BRDA:492,28,1,0
BRDA:520,29,0,0
BRDA:520,29,1,0
BRDA:532,30,0,0
BRDA:532,30,1,0
BRDA:555,31,0,0
BRDA:555,31,1,0
BRDA:559,32,0,0
BRDA:559,32,1,0
BRDA:570,33,0,0
BRDA:570,33,1,0
BRDA:580,34,0,0
BRDA:580,34,1,0
BRDA:591,35,0,0
BRDA:591,35,1,0
BRDA:604,36,0,0
BRDA:604,36,1,0
BRF:74
BRH:0
end_of_record
TN:
SF:src/components/Registration.tsx
FN:18,(anonymous_0)
FN:36,(anonymous_1)
FN:59,(anonymous_2)
FN:116,(anonymous_3)
FN:172,(anonymous_4)
FN:188,(anonymous_5)
FN:192,(anonymous_6)
FN:241,(anonymous_7)
FN:261,(anonymous_8)
FN:261,(anonymous_9)
FN:268,(anonymous_10)
FN:299,(anonymous_11)
FN:301,(anonymous_12)
FN:302,(anonymous_13)
FN:303,(anonymous_14)
FN:306,(anonymous_15)
FN:306,(anonymous_16)
FN:326,(anonymous_17)
FN:328,(anonymous_18)
FN:329,(anonymous_19)
FN:330,(anonymous_20)
FN:333,(anonymous_21)
FN:333,(anonymous_22)
FN:354,(anonymous_23)
FN:356,(anonymous_24)
FN:358,(anonymous_25)
FN:360,(anonymous_26)
FN:360,(anonymous_27)
FN:381,(anonymous_28)
FN:388,(anonymous_29)
FN:389,(anonymous_30)
FN:390,(anonymous_31)
FN:403,(anonymous_32)
FN:413,(anonymous_33)
FN:417,(anonymous_34)
FN:418,(anonymous_35)
FN:421,(anonymous_36)
FN:421,(anonymous_37)
FN:444,(anonymous_38)
FN:446,(anonymous_39)
FN:447,(anonymous_40)
FN:448,(anonymous_41)
FN:452,(anonymous_42)
FN:457,(anonymous_43)
FN:457,(anonymous_44)
FN:480,(anonymous_45)
FN:480,(anonymous_46)
FN:489,(anonymous_47)
FN:501,(anonymous_48)
FN:511,(anonymous_49)
FN:515,(anonymous_50)
FN:516,(anonymous_51)
FN:531,(anonymous_52)
FN:537,(anonymous_53)
FN:542,(anonymous_54)
FNF:55
FNH:0
FNDA:0,(anonymous_0)
FNDA:0,(anonymous_1)
FNDA:0,(anonymous_2)
FNDA:0,(anonymous_3)
FNDA:0,(anonymous_4)
FNDA:0,(anonymous_5)
FNDA:0,(anonymous_6)
FNDA:0,(anonymous_7)
FNDA:0,(anonymous_8)
FNDA:0,(anonymous_9)
FNDA:0,(anonymous_10)
FNDA:0,(anonymous_11)
FNDA:0,(anonymous_12)
FNDA:0,(anonymous_13)
FNDA:0,(anonymous_14)
FNDA:0,(anonymous_15)
FNDA:0,(anonymous_16)
FNDA:0,(anonymous_17)
FNDA:0,(anonymous_18)
FNDA:0,(anonymous_19)
FNDA:0,(anonymous_20)
FNDA:0,(anonymous_21)
FNDA:0,(anonymous_22)
FNDA:0,(anonymous_23)
FNDA:0,(anonymous_24)
FNDA:0,(anonymous_25)
FNDA:0,(anonymous_26)
FNDA:0,(anonymous_27)
FNDA:0,(anonymous_28)
FNDA:0,(anonymous_29)
FNDA:0,(anonymous_30)
FNDA:0,(anonymous_31)
FNDA:0,(anonymous_32)
FNDA:0,(anonymous_33)
FNDA:0,(anonymous_34)
FNDA:0,(anonymous_35)
FNDA:0,(anonymous_36)
FNDA:0,(anonymous_37)
FNDA:0,(anonymous_38)
FNDA:0,(anonymous_39)
FNDA:0,(anonymous_40)
FNDA:0,(anonymous_41)
FNDA:0,(anonymous_42)
FNDA:0,(anonymous_43)
FNDA:0,(anonymous_44)
FNDA:0,(anonymous_45)
FNDA:0,(anonymous_46)
FNDA:0,(anonymous_47)
FNDA:0,(anonymous_48)
FNDA:0,(anonymous_49)
FNDA:0,(anonymous_50)
FNDA:0,(anonymous_51)
FNDA:0,(anonymous_52)
FNDA:0,(anonymous_53)
FNDA:0,(anonymous_54)
DA:18,0
DA:19,0
DA:33,0
DA:36,0
DA:38,0
DA:41,0
DA:42,0
DA:46,0
DA:49,0
DA:51,0
DA:53,0
DA:54,0
DA:59,0
DA:61,0
DA:63,0
DA:65,0
DA:67,0
DA:69,0
DA:70,0
DA:71,0
DA:72,0
DA:73,0
DA:74,0
DA:76,0
DA:78,0
DA:80,0
DA:81,0
DA:82,0
DA:83,0
DA:84,0
DA:86,0
DA:88,0
DA:90,0
DA:92,0
DA:93,0
DA:94,0
DA:95,0
DA:96,0
DA:97,0
DA:99,0
DA:102,0
DA:103,0
DA:104,0
DA:105,0
DA:108,0
DA:109,0
DA:110,0
DA:112,0
DA:116,0
DA:117,0
DA:119,0
DA:120,0
DA:122,0
DA:123,0
DA:124,0
DA:125,0
DA:126,0
DA:127,0
DA:129,0
DA:130,0
DA:131,0
DA:132,0
DA:135,0
DA:139,0
DA:140,0
DA:141,0
DA:142,0
DA:144,0
DA:145,0
DA:146,0
DA:147,0
DA:150,0
DA:154,0
DA:155,0
DA:158,0
DA:159,0
DA:160,0
DA:161,0
DA:163,0
DA:164,0
DA:168,0
DA:169,0
DA:172,0
DA:173,0
DA:176,0
DA:177,0
DA:182,0
DA:183,0
DA:187,0
DA:188,0
DA:191,0
DA:192,0
DA:195,0
DA:196,0
DA:197,0
DA:202,0
DA:205,0
DA:207,0
DA:210,0
DA:223,0
DA:224,0
DA:228,0
DA:231,0
DA:234,0
DA:241,0
DA:242,0
DA:245,0
DA:246,0
DA:251,0
DA:255,0
DA:261,0
DA:268,0
DA:300,0
DA:301,0
DA:302,0
DA:303,0
DA:306,0
DA:327,0
DA:328,0
DA:329,0
DA:330,0
DA:333,0
DA:355,0
DA:356,0
DA:357,0
DA:358,0
DA:360,0
DA:382,0
DA:383,0
DA:386,0
DA:387,0
DA:388,0
DA:389,0
DA:390,0
DA:392,0
DA:396,0
DA:398,0
DA:400,0
DA:402,0
DA:403,0
DA:407,0
DA:408,0
DA:410,0
DA:412,0
DA:413,0
DA:417,0
DA:418,0
DA:421,0
DA:445,0
DA:446,0
DA:447,0
DA:448,0
DA:453,0
DA:454,0
DA:455,0
DA:457,0
DA:480,0
DA:489,0
DA:501,0
DA:512,0
DA:513,0
DA:514,0
DA:515,0
DA:516,0
DA:518,0
DA:531,0
DA:537,0
DA:542,0
LF:168
LH:0
BRDA:63,0,0,0
BRDA:63,0,1,0
BRDA:63,0,2,0
BRDA:63,0,3,0
BRDA:63,0,4,0
BRDA:63,0,5,0
BRDA:63,0,6,0
BRDA:63,0,7,0
BRDA:65,1,0,0
BRDA:65,1,1,0
BRDA:67,2,0,0
BRDA:67,2,1,0
BRDA:69,3,0,0
BRDA:69,3,1,0
BRDA:70,4,0,0
BRDA:70,4,1,0
BRDA:71,5,0,0
BRDA:71,5,1,0
BRDA:74,6,0,0
BRDA:74,6,1,0
BRDA:80,7,0,0
BRDA:80,7,1,0
BRDA:81,8,0,0
BRDA:81,8,1,0
BRDA:84,9,0,0
BRDA:84,9,1,0
BRDA:90,10,0,0
BRDA:90,10,1,0
BRDA:96,11,0,0
BRDA:96,11,1,0
BRDA:96,12,0,0
BRDA:96,12,1,0
BRDA:96,12,2,0
BRDA:96,12,3,0
BRDA:96,12,4,0
BRDA:96,12,5,0
BRDA:102,13,0,0
BRDA:102,13,1,0
BRDA:104,14,0,0
BRDA:104,14,1,0
BRDA:108,15,0,0
BRDA:108,15,1,0
BRDA:109,16,0,0
BRDA:109,16,1,0
BRDA:119,17,0,0
BRDA:119,17,1,0
BRDA:120,18,0,0
BRDA:120,18,1,0
BRDA:122,19,0,0
BRDA:122,19,1,0
BRDA:124,20,0,0
BRDA:124,20,1,0
BRDA:126,21,0,0
BRDA:126,21,1,0
BRDA:131,22,0,0
BRDA:131,22,1,0
BRDA:139,23,0,0
BRDA:139,23,1,0
BRDA:141,24,0,0
BRDA:141,24,1,0
BRDA:146,25,0,0
BRDA:146,25,1,0
BRDA:154,26,0,0
BRDA:154,26,1,0
BRDA:163,27,0,0
BRDA:163,27,1,0
BRDA:163,28,0,0
BRDA:163,28,1,0
BRDA:163,28,2,0
BRDA:163,28,3,0
BRDA:163,28,4,0
BRDA:163,28,5,0
BRDA:176,29,0,0
BRDA:176,29,1,0
BRDA:187,30,0,0
BRDA:187,30,1,0
BRDA:191,31,0,0
BRDA:191,31,1,0
BRDA:196,32,0,0
BRDA:196,32,1,0
BRDA:223,33,0,0
BRDA:223,33,1,0
BRDA:310,34,0,0
BRDA:310,34,1,0
BRDA:313,35,0,0
BRDA:313,35,1,0
BRDA:313,35,2,0
BRDA:313,36,0,0
BRDA:313,36,1,0
BRDA:337,37,0,0
BRDA:337,37,1,0
BRDA:340,38,0,0
BRDA:340,38,1,0
BRDA:340,38,2,0
BRDA:340,39,0,0
BRDA:340,39,1,0
BRDA:364,40,0,0
BRDA:364,40,1,0
BRDA:367,41,0,0
BRDA:367,41,1,0
BRDA:367,41,2,0
BRDA:367,42,0,0
BRDA:367,42,1,0
BRDA:386,43,0,0
BRDA:386,43,1,0
BRDA:396,44,0,0
BRDA:396,44,1,0
BRDA:423,45,0,0
BRDA:423,45,1,0
BRDA:423,46,0,0
BRDA:423,46,1,0
BRDA:423,47,0,0
BRDA:423,47,1,0
BRDA:423,48,0,0
BRDA:423,48,1,0
BRDA:431,49,0,0
BRDA:431,49,1,0
BRDA:431,49,2,0
BRDA:431,50,0,0
BRDA:431,50,1,0
BRDA:459,51,0,0
BRDA:459,51,1,0
BRDA:462,52,0,0
BRDA:462,52,1,0
BRDA:462,52,2,0
BRDA:462,53,0,0
BRDA:462,53,1,0
BRDA:471,54,0,0
BRDA:471,54,1,0
BRDA:497,55,0,0
BRDA:497,55,1,0
BRDA:504,56,0,0
BRDA:504,56,1,0
BRDA:513,57,0,0
BRDA:513,57,1,0
BRF:135
BRH:0
end_of_record
TN:
SF:src/components/Toast.tsx
FN:11,(anonymous_0)
FN:12,(anonymous_1)
FN:14,(anonymous_2)
FN:17,(anonymous_3)
FNF:4
FNH:0
FNDA:0,(anonymous_0)
FNDA:0,(anonymous_1)
FNDA:0,(anonymous_2)
FNDA:0,(anonymous_3)
DA:11,0
DA:12,0
DA:13,0
DA:14,0
DA:15,0
DA:17,0
DA:21,0
DA:23,0
DA:29,0
DA:35,0
LF:10
LH:0
BRDA:13,0,0,0
BRDA:13,0,1,0
BRDA:21,1,0,0
BRDA:21,1,1,0
BRF:4
BRH:0
end_of_record
TN:
SF:src/components/ui/Button.tsx
FN:39,(anonymous_0)
FNF:1
FNH:0
FNDA:0,(anonymous_0)
DA:16,0
DA:18,0
DA:33,0
DA:39,0
DA:50,0
LF:5
LH:0
BRDA:40,0,0,0
BRDA:41,1,0,0
BRDA:42,2,0,0
BRDA:57,3,0,0
BRDA:57,3,1,0
BRDA:60,4,0,0
BRDA:60,4,1,0
BRDA:63,5,0,0
BRDA:63,5,1,0
BRDA:66,6,0,0
BRDA:66,6,1,0
BRF:11
BRH:0
end_of_record
TN:
SF:src/components/ui/Card.tsx
FN:18,(anonymous_0)
FNF:1
FNH:0
FNDA:0,(anonymous_0)
DA:10,0
DA:18,0
DA:25,0
LF:3
LH:0
BRDA:20,0,0,0
BRDA:21,1,0,0
BRDA:29,2,0,0
BRDA:29,2,1,0
BRF:4
BRH:0
end_of_record
TN:
SF:src/components/ui/Checkbox.tsx
FN:8,(anonymous_0)
FNF:1
FNH:0
FNDA:0,(anonymous_0)
DA:8,0
DA:9,0
LF:2
LH:0
BRDA:8,0,0,0
BRDA:15,1,0,0
BRDA:15,1,1,0
BRDA:16,2,0,0
BRDA:16,2,1,0
BRF:5
BRH:0
end_of_record
TN:
SF:src/components/ui/Input.tsx
FN:13,(anonymous_0)
FNF:1
FNH:0
FNDA:0,(anonymous_0)
DA:13,0
DA:23,0
LF:2
LH:0
BRDA:24,0,0,0
BRDA:24,0,1,0
BRDA:28,1,0,0
BRDA:28,1,1,0
BRDA:32,2,0,0
BRDA:32,2,1,0
BRDA:33,3,0,0
BRDA:33,3,1,0
BRDA:34,4,0,0
BRDA:34,4,1,0
BRDA:39,5,0,0
BRDA:39,5,1,0
BRDA:41,6,0,0
BRDA:41,6,1,0
BRDA:41,6,2,0
BRDA:42,7,0,0
BRDA:42,7,1,0
BRF:17
BRH:0
end_of_record
TN:
SF:src/components/ui/Loading.tsx
FN:3,(anonymous_0)
FN:13,(anonymous_1)
FNF:2
FNH:0
FNDA:0,(anonymous_0)
FNDA:0,(anonymous_1)
DA:3,0
DA:4,0
DA:13,0
DA:14,0
LF:4
LH:0
BRDA:7,0,0,0
BRDA:7,0,1,0
BRDA:17,1,0,0
BRDA:17,1,1,0
BRF:4
BRH:0
end_of_record
TN:
SF:src/components/ui/Modal.tsx
FN:12,(anonymous_0)
FN:13,(anonymous_1)
FN:15,(anonymous_2)
FN:19,(anonymous_3)
FNF:4
FNH:0
FNDA:0,(anonymous_0)
FNDA:0,(anonymous_1)
FNDA:0,(anonymous_2)
FNDA:0,(anonymous_3)
DA:12,0
DA:13,0
DA:14,0
DA:15,0
DA:16,0
DA:18,0
DA:19,0
DA:22,0
DA:23,0
LF:9
LH:0
BRDA:14,0,0,0
BRDA:14,0,1,0
BRDA:16,1,0,0
BRDA:16,1,1,0
BRDA:22,2,0,0
BRDA:22,2,1,0
BRDA:41,3,0,0
BRDA:41,3,1,0
BRF:8
BRH:0
end_of_record
TN:
SF:src/components/ui/Select.tsx
FN:9,(anonymous_0)
FN:16,(anonymous_1)
FNF:2
FNH:0
FNDA:0,(anonymous_0)
FNDA:0,(anonymous_1)
DA:9,0
DA:10,0
DA:17,0
LF:3
LH:0
BRDA:9,0,0,0
BRDA:11,1,0,0
BRDA:11,1,1,0
BRDA:13,2,0,0
BRDA:13,2,1,0
BRDA:20,3,0,0
BRDA:20,3,1,0
BRF:7
BRH:0
end_of_record
TN:
SF:src/components/ui/Textarea.tsx
FN:11,(anonymous_0)
FNF:1
FNH:0
FNDA:0,(anonymous_0)
DA:10,0
DA:12,0
DA:34,0
LF:3
LH:0
BRDA:14,0,0,0
BRDA:14,0,1,0
BRDA:23,1,0,0
BRDA:23,1,1,0
BRDA:28,2,0,0
BRDA:28,2,1,0
BRF:6
BRH:0
end_of_record
TN:
SF:src/types/index.ts
FN:81,(anonymous_0)
FNF:1
FNH:0
FNDA:0,(anonymous_0)
DA:81,0
DA:82,0
DA:83,0
DA:84,0
DA:85,0
DA:86,0
DA:87,0
DA:88,0
DA:89,0
DA:90,0
DA:91,0
DA:92,0
DA:93,0
DA:94,0
DA:95,0
DA:96,0
DA:97,0
DA:98,0
DA:99,0
DA:100,0
DA:101,0
DA:102,0
DA:103,0
DA:104,0
DA:105,0
DA:106,0
LF:26
LH:0
BRDA:81,0,0,0
BRDA:81,0,1,0
BRF:2
BRH:0
end_of_record
TN:
SF:src/utils/auth.ts
FN:15,(anonymous_0)
FN:39,(anonymous_1)
FN:58,(anonymous_2)
FN:98,(anonymous_3)
FN:120,(anonymous_4)
FN:145,(anonymous_5)
FN:153,(anonymous_6)
FN:186,(anonymous_7)
FNF:8
FNH:0
FNDA:0,(anonymous_0)
FNDA:0,(anonymous_1)
FNDA:0,(anonymous_2)
FNDA:0,(anonymous_3)
FNDA:0,(anonymous_4)
FNDA:0,(anonymous_5)
FNDA:0,(anonymous_6)
FNDA:0,(anonymous_7)
DA:8,0
DA:15,0
DA:17,0
DA:23,0
DA:26,0
DA:29,0
DA:31,0
DA:39,0
DA:40,0
DA:45,0
DA:46,0
DA:49,0
DA:51,0
DA:58,0
DA:59,0
DA:61,0
DA:62,0
DA:65,0
DA:66,0
DA:69,0
DA:70,0
DA:72,0
DA:73,0
DA:77,0
DA:79,0
DA:80,0
DA:84,0
DA:85,0
DA:87,0
DA:89,0
DA:90,0
DA:98,0
DA:99,0
DA:101,0
DA:102,0
DA:105,0
DA:106,0
DA:109,0
DA:110,0
DA:112,0
DA:113,0
DA:120,0
DA:121,0
DA:123,0
DA:124,0
DA:127,0
DA:128,0
DA:129,0
DA:132,0
DA:133,0
DA:134,0
DA:137,0
DA:145,0
DA:146,0
DA:153,0
DA:154,0
DA:155,0
DA:156,0
DA:158,0
DA:159,0
DA:160,0
DA:161,0
DA:162,0
DA:166,0
DA:167,0
DA:168,0
DA:169,0
DA:170,0
DA:174,0
DA:176,0
DA:177,0
DA:186,0
DA:187,0
DA:188,0
DA:192,0
DA:193,0
DA:197,0
DA:198,0
DA:202,0
DA:203,0
DA:207,0
DA:208,0
DA:211,0
LF:83
LH:0
BRDA:62,0,0,0
BRDA:62,0,1,0
BRDA:66,1,0,0
BRDA:66,1,1,0
BRDA:66,2,0,0
BRDA:66,2,1,0
BRDA:70,3,0,0
BRDA:70,3,1,0
BRDA:77,4,0,0
BRDA:77,4,1,0
BRDA:102,5,0,0
BRDA:102,5,1,0
BRDA:106,6,0,0
BRDA:106,6,1,0
BRDA:106,7,0,0
BRDA:106,7,1,0
BRDA:127,8,0,0
BRDA:127,8,1,0
BRDA:132,9,0,0
BRDA:132,9,1,0
BRDA:146,10,0,0
BRDA:146,10,1,0
BRDA:146,10,2,0
BRDA:158,11,0,0
BRDA:158,11,1,0
BRDA:160,12,0,0
BRDA:160,12,1,0
BRDA:160,13,0,0
BRDA:160,13,1,0
BRDA:162,14,0,0
BRDA:162,14,1,0
BRDA:166,15,0,0
BRDA:166,15,1,0
BRDA:168,16,0,0
BRDA:168,16,1,0
BRDA:168,17,0,0
BRDA:168,17,1,0
BRDA:170,18,0,0
BRDA:170,18,1,0
BRDA:187,19,0,0
BRDA:187,19,1,0
BRDA:192,20,0,0
BRDA:192,20,1,0
BRDA:197,21,0,0
BRDA:197,21,1,0
BRDA:202,22,0,0
BRDA:202,22,1,0
BRDA:207,23,0,0
BRDA:207,23,1,0
BRF:49
BRH:0
end_of_record
TN:
SF:src/utils/crypto.ts
FN:13,(anonymous_0)
FN:28,(anonymous_1)
FN:44,(anonymous_2)
FN:60,(anonymous_3)
FN:77,(anonymous_4)
FN:110,(anonymous_5)
FNF:6
FNH:0
FNDA:0,(anonymous_0)
FNDA:0,(anonymous_1)
FNDA:0,(anonymous_2)
FNDA:0,(anonymous_3)
FNDA:0,(anonymous_4)
FNDA:0,(anonymous_5)
DA:6,0
DA:13,0
DA:14,0
DA:15,0
DA:16,0
DA:18,0
DA:19,0
DA:28,0
DA:29,0
DA:30,0
DA:31,0
DA:32,0
DA:34,0
DA:35,0
DA:44,0
DA:45,0
DA:46,0
DA:47,0
DA:49,0
DA:50,0
DA:60,0
DA:61,0
DA:62,0
DA:63,0
DA:64,0
DA:66,0
DA:67,0
DA:77,0
DA:78,0
DA:79,0
DA:84,0
DA:85,0
DA:87,0
DA:93,0
DA:94,0
DA:96,0
DA:98,0
DA:100,0
DA:101,0
DA:110,0
DA:111,0
DA:112,0
DA:115,0
DA:117,0
DA:118,0
DA:122,0
DA:125,0
DA:126,0
DA:129,0
DA:131,0
DA:132,0
LF:51
LH:0
BRDA:14,0,0,0
BRDA:14,0,1,0
BRDA:29,1,0,0
BRDA:29,1,1,0
BRDA:45,2,0,0
BRDA:45,2,1,0
BRDA:61,3,0,0
BRDA:61,3,1,0
BRDA:61,4,0,0
BRDA:61,4,1,0
BRDA:77,5,0,0
BRDA:117,6,0,0
BRDA:117,6,1,0
BRDA:125,7,0,0
BRDA:125,7,1,0
BRDA:125,8,0,0
BRDA:125,8,1,0
BRF:17
BRH:0
end_of_record
TN:
SF:src/utils/debugSystem.ts
FN:40,(anonymous_0)
FN:57,(anonymous_1)
FN:62,(anonymous_2)
FN:85,(anonymous_3)
FN:99,(anonymous_4)
FN:103,(anonymous_5)
FN:107,(anonymous_6)
FN:111,(anonymous_7)
FN:116,(anonymous_8)
FN:126,(anonymous_9)
FN:151,(anonymous_10)
FN:165,(anonymous_11)
FN:183,(anonymous_12)
FN:188,(anonymous_13)
FN:198,(anonymous_14)
FN:201,(anonymous_15)
FN:204,(anonymous_16)
FN:207,(anonymous_17)
FN:215,(anonymous_18)
FN:228,(anonymous_19)
FN:246,(anonymous_20)
FN:249,(anonymous_21)
FN:258,(anonymous_22)
FN:265,(anonymous_23)
FN:273,(anonymous_24)
FN:281,(anonymous_25)
FN:290,(anonymous_26)
FN:306,(anonymous_27)
FN:318,(anonymous_28)
FN:331,(anonymous_29)
FN:336,(anonymous_30)
FN:347,(anonymous_31)
FN:349,(anonymous_32)
FN:354,(anonymous_33)
FN:359,(anonymous_34)
FN:360,(anonymous_35)
FN:369,(anonymous_36)
FN:373,(anonymous_37)
FN:377,(anonymous_38)
FN:387,useDebug
FN:391,(anonymous_40)
FN:392,(anonymous_41)
FN:393,(anonymous_42)
FN:394,(anonymous_43)
FN:395,(anonymous_44)
FN:396,(anonymous_45)
FN:398,(anonymous_46)
FN:404,debugMethod
FN:407,(anonymous_48)
FN:418,(anonymous_49)
FN:422,(anonymous_50)
FN:441,(anonymous_51)
FN:442,(anonymous_52)
FN:445,(anonymous_53)
FNF:54
FNH:0
FNDA:0,(anonymous_0)
FNDA:0,(anonymous_1)
FNDA:0,(anonymous_2)
FNDA:0,(anonymous_3)
FNDA:0,(anonymous_4)
FNDA:0,(anonymous_5)
FNDA:0,(anonymous_6)
FNDA:0,(anonymous_7)
FNDA:0,(anonymous_8)
FNDA:0,(anonymous_9)
FNDA:0,(anonymous_10)
FNDA:0,(anonymous_11)
FNDA:0,(anonymous_12)
FNDA:0,(anonymous_13)
FNDA:0,(anonymous_14)
FNDA:0,(anonymous_15)
FNDA:0,(anonymous_16)
FNDA:0,(anonymous_17)
FNDA:0,(anonymous_18)
FNDA:0,(anonymous_19)
FNDA:0,(anonymous_20)
FNDA:0,(anonymous_21)
FNDA:0,(anonymous_22)
FNDA:0,(anonymous_23)
FNDA:0,(anonymous_24)
FNDA:0,(anonymous_25)
FNDA:0,(anonymous_26)
FNDA:0,(anonymous_27)
FNDA:0,(anonymous_28)
FNDA:0,(anonymous_29)
FNDA:0,(anonymous_30)
FNDA:0,(anonymous_31)
FNDA:0,(anonymous_32)
FNDA:0,(anonymous_33)
FNDA:0,(anonymous_34)
FNDA:0,(anonymous_35)
FNDA:0,(anonymous_36)
FNDA:0,(anonymous_37)
FNDA:0,(anonymous_38)
FNDA:0,useDebug
FNDA:0,(anonymous_40)
FNDA:0,(anonymous_41)
FNDA:0,(anonymous_42)
FNDA:0,(anonymous_43)
FNDA:0,(anonymous_44)
FNDA:0,(anonymous_45)
FNDA:0,(anonymous_46)
FNDA:0,debugMethod
FNDA:0,(anonymous_48)
FNDA:0,(anonymous_49)
FNDA:0,(anonymous_50)
FNDA:0,(anonymous_51)
FNDA:0,(anonymous_52)
FNDA:0,(anonymous_53)
DA:35,0
DA:36,0
DA:38,0
DA:41,0
DA:51,0
DA:52,0
DA:53,0
DA:58,0
DA:63,0
DA:65,0
DA:76,0
DA:77,0
DA:79,0
DA:80,0
DA:86,0
DA:92,0
DA:94,0
DA:95,0
DA:100,0
DA:104,0
DA:108,0
DA:112,0
DA:117,0
DA:119,0
DA:127,0
DA:129,0
DA:130,0
DA:131,0
DA:132,0
DA:135,0
DA:136,0
DA:138,0
DA:139,0
DA:141,0
DA:146,0
DA:147,0
DA:152,0
DA:153,0
DA:154,0
DA:155,0
DA:156,0
DA:158,0
DA:159,0
DA:160,0
DA:170,0
DA:171,0
DA:172,0
DA:173,0
DA:174,0
DA:176,0
DA:177,0
DA:178,0
DA:184,0
DA:194,0
DA:196,0
DA:197,0
DA:198,0
DA:200,0
DA:201,0
DA:203,0
DA:204,0
DA:206,0
DA:207,0
DA:211,0
DA:221,0
DA:228,0
DA:230,0
DA:233,0
DA:234,0
DA:239,0
DA:240,0
DA:242,0
DA:247,0
DA:248,0
DA:249,0
DA:258,0
DA:261,0
DA:266,0
DA:267,0
DA:268,0
DA:274,0
DA:275,0
DA:276,0
DA:278,0
DA:282,0
DA:285,0
DA:286,0
DA:291,0
DA:292,0
DA:293,0
DA:295,0
DA:301,0
DA:302,0
DA:307,0
DA:315,0
DA:319,0
DA:320,0
DA:321,0
DA:324,0
DA:325,0
DA:327,0
DA:332,0
DA:334,0
DA:335,0
DA:336,0
DA:343,0
DA:349,0
DA:350,0
DA:354,0
DA:355,0
DA:360,0
DA:361,0
DA:362,0
DA:364,0
DA:370,0
DA:374,0
DA:378,0
DA:379,0
DA:384,0
DA:390,0
DA:391,0
DA:392,0
DA:393,0
DA:394,0
DA:395,0
DA:397,0
DA:399,0
DA:405,0
DA:407,0
DA:408,0
DA:409,0
DA:411,0
DA:413,0
DA:414,0
DA:416,0
DA:417,0
DA:419,0
DA:420,0
DA:423,0
DA:424,0
DA:428,0
DA:429,0
DA:431,0
DA:432,0
DA:436,0
DA:440,0
DA:441,0
DA:443,0
DA:446,0
LF:149
LH:0
BRDA:40,0,0,0
BRDA:63,1,0,0
BRDA:63,1,1,0
BRDA:63,2,0,0
BRDA:63,2,1,0
BRDA:73,3,0,0
BRDA:73,3,1,0
BRDA:79,4,0,0
BRDA:79,4,1,0
BRDA:86,5,0,0
BRDA:86,5,1,0
BRDA:94,6,0,0
BRDA:94,6,1,0
BRDA:117,7,0,0
BRDA:117,7,1,0
BRDA:127,8,0,0
BRDA:127,8,1,0
BRDA:130,9,0,0
BRDA:130,9,1,0
BRDA:196,10,0,0
BRDA:196,10,1,0
BRDA:197,11,0,0
BRDA:197,11,1,0
BRDA:200,12,0,0
BRDA:200,12,1,0
BRDA:203,13,0,0
BRDA:203,13,1,0
BRDA:206,14,0,0
BRDA:206,14,1,0
BRDA:230,15,0,0
BRDA:230,15,1,0
BRDA:233,16,0,0
BRDA:233,16,1,0
BRDA:234,17,0,0
BRDA:234,17,1,0
BRDA:239,18,0,0
BRDA:239,18,1,0
BRDA:240,19,0,0
BRDA:240,19,1,0
BRDA:246,20,0,0
BRDA:247,21,0,0
BRDA:247,21,1,0
BRDA:254,22,0,0
BRDA:254,22,1,0
BRDA:255,23,0,0
BRDA:255,23,1,0
BRDA:267,24,0,0
BRDA:267,24,1,0
BRDA:285,25,0,0
BRDA:285,25,1,0
BRDA:293,26,0,0
BRDA:293,26,1,0
BRDA:298,27,0,0
BRDA:298,27,1,0
BRDA:301,28,0,0
BRDA:301,28,1,0
BRDA:301,29,0,0
BRDA:301,29,1,0
BRDA:315,30,0,0
BRDA:315,30,1,0
BRDA:320,31,0,0
BRDA:320,31,1,0
BRDA:332,32,0,0
BRDA:332,32,1,0
BRDA:335,33,0,0
BRDA:335,33,1,0
BRDA:338,34,0,0
BRDA:338,34,1,0
BRDA:338,35,0,0
BRDA:338,35,1,0
BRDA:379,36,0,0
BRDA:379,36,1,0
BRDA:416,37,0,0
BRDA:416,37,1,0
BRDA:443,38,0,0
BRDA:443,38,1,0
BRDA:446,39,0,0
BRDA:446,39,1,0
BRF:78
BRH:0
end_of_record
TN:
SF:src/utils/firebase.ts
FN:43,(anonymous_0)
FN:73,(anonymous_1)
FN:77,(anonymous_2)
FN:84,(anonymous_3)
FN:106,(anonymous_4)
FN:126,(anonymous_5)
FN:138,(anonymous_6)
FN:156,(anonymous_7)
FN:175,(anonymous_8)
FN:179,(anonymous_9)
FN:186,(anonymous_10)
FN:196,(anonymous_11)
FN:201,(anonymous_12)
FN:216,(anonymous_13)
FN:239,(anonymous_14)
FN:256,(anonymous_15)
FN:260,(anonymous_16)
FN:267,(anonymous_17)
FN:277,(anonymous_18)
FN:282,(anonymous_19)
FN:297,(anonymous_20)
FN:301,(anonymous_21)
FN:308,(anonymous_22)
FN:322,(anonymous_23)
FN:327,(anonymous_24)
FN:334,(anonymous_25)
FN:348,(anonymous_26)
FN:365,(anonymous_27)
FN:377,(anonymous_28)
FN:382,(anonymous_29)
FN:426,(anonymous_30)
FN:444,(anonymous_31)
FN:461,(anonymous_32)
FN:479,(anonymous_33)
FN:496,(anonymous_34)
FN:514,(anonymous_35)
FN:531,(anonymous_36)
FN:549,(anonymous_37)
FN:569,(anonymous_38)
FN:591,(anonymous_39)
FN:614,(anonymous_40)
FN:618,(anonymous_41)
FN:624,(anonymous_42)
FN:634,(anonymous_43)
FN:652,(anonymous_44)
FN:669,(anonymous_45)
FN:679,(anonymous_46)
FN:690,(anonymous_47)
FN:696,(anonymous_48)
FN:701,(anonymous_49)
FN:710,(anonymous_50)
FN:717,(anonymous_51)
FN:729,(anonymous_52)
FN:739,(anonymous_53)
FN:755,(anonymous_54)
FN:765,(anonymous_55)
FN:775,(anonymous_56)
FN:791,(anonymous_57)
FN:802,(anonymous_58)
FN:814,(anonymous_59)
FN:825,(anonymous_60)
FN:845,(anonymous_61)
FN:873,(anonymous_62)
FN:878,(anonymous_63)
FN:879,(anonymous_64)
FN:882,(anonymous_65)
FN:901,(anonymous_66)
FN:944,(anonymous_67)
FN:952,(anonymous_68)
FNF:69
FNH:0
FNDA:0,(anonymous_0)
FNDA:0,(anonymous_1)
FNDA:0,(anonymous_2)
FNDA:0,(anonymous_3)
FNDA:0,(anonymous_4)
FNDA:0,(anonymous_5)
FNDA:0,(anonymous_6)
FNDA:0,(anonymous_7)
FNDA:0,(anonymous_8)
FNDA:0,(anonymous_9)
FNDA:0,(anonymous_10)
FNDA:0,(anonymous_11)
FNDA:0,(anonymous_12)
FNDA:0,(anonymous_13)
FNDA:0,(anonymous_14)
FNDA:0,(anonymous_15)
FNDA:0,(anonymous_16)
FNDA:0,(anonymous_17)
FNDA:0,(anonymous_18)
FNDA:0,(anonymous_19)
FNDA:0,(anonymous_20)
FNDA:0,(anonymous_21)
FNDA:0,(anonymous_22)
FNDA:0,(anonymous_23)
FNDA:0,(anonymous_24)
FNDA:0,(anonymous_25)
FNDA:0,(anonymous_26)
FNDA:0,(anonymous_27)
FNDA:0,(anonymous_28)
FNDA:0,(anonymous_29)
FNDA:0,(anonymous_30)
FNDA:0,(anonymous_31)
FNDA:0,(anonymous_32)
FNDA:0,(anonymous_33)
FNDA:0,(anonymous_34)
FNDA:0,(anonymous_35)
FNDA:0,(anonymous_36)
FNDA:0,(anonymous_37)
FNDA:0,(anonymous_38)
FNDA:0,(anonymous_39)
FNDA:0,(anonymous_40)
FNDA:0,(anonymous_41)
FNDA:0,(anonymous_42)
FNDA:0,(anonymous_43)
FNDA:0,(anonymous_44)
FNDA:0,(anonymous_45)
FNDA:0,(anonymous_46)
FNDA:0,(anonymous_47)
FNDA:0,(anonymous_48)
FNDA:0,(anonymous_49)
FNDA:0,(anonymous_50)
FNDA:0,(anonymous_51)
FNDA:0,(anonymous_52)
FNDA:0,(anonymous_53)
FNDA:0,(anonymous_54)
FNDA:0,(anonymous_55)
FNDA:0,(anonymous_56)
FNDA:0,(anonymous_57)
FNDA:0,(anonymous_58)
FNDA:0,(anonymous_59)
FNDA:0,(anonymous_60)
FNDA:0,(anonymous_61)
FNDA:0,(anonymous_62)
FNDA:0,(anonymous_63)
FNDA:0,(anonymous_64)
FNDA:0,(anonymous_65)
FNDA:0,(anonymous_66)
FNDA:0,(anonymous_67)
FNDA:0,(anonymous_68)
DA:20,0
DA:26,0
DA:36,0
DA:37,0
DA:38,0
DA:39,0
DA:42,0
DA:44,0
DA:46,0
DA:48,0
DA:49,0
DA:51,0
DA:58,0
DA:61,0
DA:73,0
DA:74,0
DA:75,0
DA:76,0
DA:77,0
DA:79,0
DA:80,0
DA:84,0
DA:85,0
DA:87,0
DA:90,0
DA:91,0
DA:93,0
DA:95,0
DA:99,0
DA:101,0
DA:102,0
DA:106,0
DA:107,0
DA:108,0
DA:109,0
DA:113,0
DA:116,0
DA:119,0
DA:121,0
DA:122,0
DA:126,0
DA:127,0
DA:128,0
DA:131,0
DA:133,0
DA:134,0
DA:138,0
DA:139,0
DA:140,0
DA:141,0
DA:142,0
DA:144,0
DA:145,0
DA:148,0
DA:149,0
DA:151,0
DA:152,0
DA:156,0
DA:157,0
DA:158,0
DA:159,0
DA:160,0
DA:162,0
DA:163,0
DA:166,0
DA:167,0
DA:169,0
DA:170,0
DA:175,0
DA:176,0
DA:177,0
DA:178,0
DA:179,0
DA:181,0
DA:182,0
DA:186,0
DA:187,0
DA:189,0
DA:190,0
DA:193,0
DA:196,0
DA:197,0
DA:201,0
DA:202,0
DA:203,0
DA:204,0
DA:208,0
DA:210,0
DA:211,0
DA:216,0
DA:217,0
DA:218,0
DA:219,0
DA:222,0
DA:223,0
DA:226,0
DA:229,0
DA:231,0
DA:233,0
DA:234,0
DA:239,0
DA:240,0
DA:241,0
DA:242,0
DA:245,0
DA:248,0
DA:250,0
DA:251,0
DA:256,0
DA:257,0
DA:258,0
DA:259,0
DA:260,0
DA:262,0
DA:263,0
DA:267,0
DA:268,0
DA:270,0
DA:271,0
DA:274,0
DA:277,0
DA:278,0
DA:282,0
DA:283,0
DA:284,0
DA:285,0
DA:289,0
DA:291,0
DA:292,0
DA:297,0
DA:298,0
DA:299,0
DA:300,0
DA:301,0
DA:303,0
DA:304,0
DA:308,0
DA:309,0
DA:310,0
DA:311,0
DA:316,0
DA:317,0
DA:322,0
DA:323,0
DA:324,0
DA:325,0
DA:326,0
DA:327,0
DA:329,0
DA:330,0
DA:334,0
DA:335,0
DA:336,0
DA:337,0
DA:342,0
DA:343,0
DA:348,0
DA:349,0
DA:351,0
DA:354,0
DA:355,0
DA:357,0
DA:360,0
DA:361,0
DA:365,0
DA:366,0
DA:367,0
DA:370,0
DA:372,0
DA:373,0
DA:377,0
DA:378,0
DA:382,0
DA:383,0
DA:384,0
DA:387,0
DA:388,0
DA:389,0
DA:391,0
DA:393,0
DA:394,0
DA:397,0
DA:398,0
DA:399,0
DA:402,0
DA:403,0
DA:409,0
DA:411,0
DA:412,0
DA:414,0
DA:417,0
DA:418,0
DA:419,0
DA:420,0
DA:422,0
DA:426,0
DA:427,0
DA:428,0
DA:429,0
DA:430,0
DA:433,0
DA:436,0
DA:438,0
DA:439,0
DA:444,0
DA:445,0
DA:446,0
DA:448,0
DA:450,0
DA:453,0
DA:456,0
DA:457,0
DA:461,0
DA:462,0
DA:463,0
DA:464,0
DA:466,0
DA:467,0
DA:468,0
DA:471,0
DA:473,0
DA:474,0
DA:479,0
DA:480,0
DA:481,0
DA:483,0
DA:485,0
DA:488,0
DA:491,0
DA:492,0
DA:496,0
DA:497,0
DA:498,0
DA:499,0
DA:501,0
DA:502,0
DA:503,0
DA:506,0
DA:508,0
DA:509,0
DA:514,0
DA:515,0
DA:516,0
DA:517,0
DA:520,0
DA:521,0
DA:523,0
DA:526,0
DA:527,0
DA:531,0
DA:532,0
DA:533,0
DA:534,0
DA:536,0
DA:537,0
DA:538,0
DA:541,0
DA:543,0
DA:544,0
DA:549,0
DA:550,0
DA:551,0
DA:552,0
DA:554,0
DA:555,0
DA:556,0
DA:562,0
DA:564,0
DA:565,0
DA:569,0
DA:570,0
DA:572,0
DA:573,0
DA:575,0
DA:580,0
DA:581,0
DA:584,0
DA:586,0
DA:587,0
DA:591,0
DA:592,0
DA:593,0
DA:594,0
DA:597,0
DA:598,0
DA:600,0
DA:603,0
DA:605,0
DA:606,0
DA:611,0
DA:614,0
DA:615,0
DA:618,0
DA:619,0
DA:620,0
DA:624,0
DA:625,0
DA:626,0
DA:627,0
DA:629,0
DA:630,0
DA:634,0
DA:635,0
DA:636,0
DA:637,0
DA:639,0
DA:640,0
DA:641,0
DA:644,0
DA:646,0
DA:647,0
DA:652,0
DA:653,0
DA:654,0
DA:655,0
DA:657,0
DA:658,0
DA:659,0
DA:662,0
DA:664,0
DA:665,0
DA:669,0
DA:670,0
DA:671,0
DA:672,0
DA:674,0
DA:675,0
DA:679,0
DA:680,0
DA:681,0
DA:682,0
DA:684,0
DA:685,0
DA:690,0
DA:691,0
DA:692,0
DA:693,0
DA:695,0
DA:696,0
DA:697,0
DA:701,0
DA:703,0
DA:704,0
DA:710,0
DA:711,0
DA:712,0
DA:713,0
DA:716,0
DA:717,0
DA:718,0
DA:721,0
DA:723,0
DA:724,0
DA:729,0
DA:730,0
DA:731,0
DA:732,0
DA:734,0
DA:735,0
DA:739,0
DA:740,0
DA:741,0
DA:742,0
DA:744,0
DA:745,0
DA:748,0
DA:750,0
DA:751,0
DA:755,0
DA:756,0
DA:757,0
DA:758,0
DA:760,0
DA:761,0
DA:765,0
DA:766,0
DA:767,0
DA:768,0
DA:770,0
DA:771,0
DA:775,0
DA:776,0
DA:777,0
DA:778,0
DA:780,0
DA:781,0
DA:784,0
DA:786,0
DA:787,0
DA:791,0
DA:792,0
DA:793,0
DA:794,0
DA:796,0
DA:797,0
DA:802,0
DA:803,0
DA:804,0
DA:805,0
DA:806,0
DA:807,0
DA:809,0
DA:810,0
DA:814,0
DA:815,0
DA:816,0
DA:819,0
DA:820,0
DA:822,0
DA:824,0
DA:825,0
DA:826,0
DA:829,0
DA:830,0
DA:833,0
DA:834,0
DA:835,0
DA:838,0
DA:840,0
DA:841,0
DA:845,0
DA:846,0
DA:848,0
DA:851,0
DA:852,0
DA:853,0
DA:855,0
DA:856,0
DA:857,0
DA:862,0
DA:864,0
DA:867,0
DA:868,0
DA:873,0
DA:874,0
DA:875,0
DA:878,0
DA:879,0
DA:882,0
DA:883,0
DA:887,0
DA:894,0
DA:896,0
DA:897,0
DA:901,0
DA:902,0
DA:903,0
DA:904,0
DA:906,0
DA:907,0
DA:909,0
DA:910,0
DA:912,0
DA:913,0
DA:914,0
DA:915,0
DA:920,0
DA:922,0
DA:932,0
DA:933,0
DA:944,0
DA:945,0
DA:946,0
DA:947,0
DA:949,0
DA:951,0
DA:952,0
DA:953,0
DA:957,0
DA:958,0
DA:961,0
DA:962,0
DA:964,0
DA:965,0
DA:966,0
DA:967,0
DA:970,0
DA:971,0
DA:975,0
DA:977,0
DA:978,0
LF:481
LH:0
BRDA:90,0,0,0
BRDA:90,0,1,0
BRDA:99,1,0,0
BRDA:99,1,1,0
BRDA:108,2,0,0
BRDA:108,2,1,0
BRDA:144,3,0,0
BRDA:144,3,1,0
BRDA:162,4,0,0
BRDA:162,4,1,0
BRDA:339,5,0,0
BRDA:339,5,1,0
BRDA:393,6,0,0
BRDA:393,6,1,0
BRDA:418,7,0,0
BRDA:418,7,1,0
BRDA:429,8,0,0
BRDA:429,8,1,0
BRDA:448,9,0,0
BRDA:448,9,1,0
BRDA:466,10,0,0
BRDA:466,10,1,0
BRDA:483,11,0,0
BRDA:483,11,1,0
BRDA:501,12,0,0
BRDA:501,12,1,0
BRDA:520,13,0,0
BRDA:520,13,1,0
BRDA:536,14,0,0
BRDA:536,14,1,0
BRDA:538,15,0,0
BRDA:538,15,1,0
BRDA:554,16,0,0
BRDA:554,16,1,0
BRDA:594,17,0,0
BRDA:594,17,1,0
BRDA:597,18,0,0
BRDA:597,18,1,0
BRDA:639,19,0,0
BRDA:639,19,1,0
BRDA:657,20,0,0
BRDA:657,20,1,0
BRDA:659,21,0,0
BRDA:659,21,1,0
BRDA:744,22,0,0
BRDA:744,22,1,0
BRDA:780,23,0,0
BRDA:780,23,1,0
BRDA:833,24,0,0
BRDA:833,24,1,0
BRDA:855,25,0,0
BRDA:855,25,1,0
BRDA:912,26,0,0
BRDA:912,26,1,0
BRDA:916,27,0,0
BRDA:916,27,1,0
BRDA:949,28,0,0
BRDA:949,28,1,0
BRDA:958,29,0,0
BRDA:958,29,1,0
BRDA:962,30,0,0
BRDA:962,30,1,0
BRDA:966,31,0,0
BRDA:966,31,1,0
BRF:64
BRH:0
end_of_record
TN:
SF:src/utils/initFirebaseData.ts
FN:94,(anonymous_0)
FNF:1
FNH:0
FNDA:0,(anonymous_0)
DA:7,0
DA:30,0
DA:47,0
DA:66,0
DA:94,0
DA:95,0
DA:96,0
DA:99,0
DA:100,0
DA:101,0
DA:102,0
DA:106,0
DA:107,0
DA:109,0
DA:112,0
DA:113,0
DA:116,0
DA:117,0
DA:120,0
DA:121,0
DA:123,0
DA:126,0
DA:127,0
DA:130,0
DA:132,0
DA:134,0
DA:135,0
LF:27
LH:0
BRDA:100,0,0,0
BRDA:100,0,1,0
BRF:2
BRH:0
end_of_record
TN:
SF:src/utils/initSampleData.ts
FN:83,(anonymous_0)
FNF:1
FNH:0
FNDA:0,(anonymous_0)
DA:5,0
DA:28,0
DA:45,0
DA:56,0
DA:83,0
DA:84,0
DA:86,0
DA:88,0
DA:89,0
DA:92,0
DA:93,0
DA:96,0
DA:97,0
DA:100,0
DA:101,0
DA:102,0
DA:103,0
DA:104,0
DA:106,0
DA:107,0
LF:20
LH:0
BRF:0
BRH:0
end_of_record
TN:
SF:src/utils/levels.ts
FN:34,(anonymous_0)
FN:35,(anonymous_1)
FN:40,(anonymous_2)
FN:42,(anonymous_3)
FN:46,(anonymous_4)
FNF:5
FNH:0
FNDA:0,(anonymous_0)
FNDA:0,(anonymous_1)
FNDA:0,(anonymous_2)
FNDA:0,(anonymous_3)
FNDA:0,(anonymous_4)
DA:3,0
DA:34,0
DA:35,0
DA:36,0
DA:40,0
DA:41,0
DA:42,0
DA:43,0
DA:46,0
DA:47,0
DA:48,0
LF:11
LH:0
BRDA:35,0,0,0
BRDA:35,0,1,0
BRDA:36,1,0,0
BRDA:36,1,1,0
BRDA:43,2,0,0
BRDA:43,2,1,0
BRDA:48,3,0,0
BRDA:48,3,1,0
BRF:8
BRH:0
end_of_record
TN:
SF:src/utils/loggerUtils.ts
FN:10,(anonymous_0)
FN:22,(anonymous_1)
FN:30,(anonymous_2)
FNF:3
FNH:0
FNDA:0,(anonymous_0)
FNDA:0,(anonymous_1)
FNDA:0,(anonymous_2)
DA:9,0
DA:11,0
DA:16,0
DA:22,0
DA:23,0
DA:30,0
DA:31,0
LF:7
LH:0
BRF:0
BRH:0
end_of_record
TN:
SF:src/utils/security.ts
FN:8,(anonymous_0)
FN:26,(anonymous_1)
FN:38,(anonymous_2)
FN:60,(anonymous_3)
FN:74,(anonymous_4)
FN:83,(anonymous_5)
FN:98,(anonymous_6)
FN:113,(anonymous_7)
FN:127,(anonymous_8)
FN:141,(anonymous_9)
FN:148,(anonymous_10)
FN:172,(anonymous_11)
FNF:12
FNH:0
FNDA:0,(anonymous_0)
FNDA:0,(anonymous_1)
FNDA:0,(anonymous_2)
FNDA:0,(anonymous_3)
FNDA:0,(anonymous_4)
FNDA:0,(anonymous_5)
FNDA:0,(anonymous_6)
FNDA:0,(anonymous_7)
FNDA:0,(anonymous_8)
FNDA:0,(anonymous_9)
FNDA:0,(anonymous_10)
FNDA:0,(anonymous_11)
DA:8,0
DA:9,0
DA:12,0
DA:26,0
DA:27,0
DA:29,0
DA:30,0
DA:33,0
DA:34,0
DA:37,0
DA:38,0
DA:41,0
DA:43,0
DA:44,0
DA:45,0
DA:47,0
DA:48,0
DA:53,0
DA:60,0
DA:62,0
DA:66,0
DA:74,0
DA:76,0
DA:83,0
DA:88,0
DA:89,0
DA:90,0
DA:91,0
DA:98,0
DA:103,0
DA:104,0
DA:105,0
DA:106,0
DA:113,0
DA:118,0
DA:119,0
DA:120,0
DA:121,0
DA:127,0
DA:128,0
DA:129,0
DA:130,0
DA:131,0
DA:141,0
DA:142,0
DA:144,0
DA:147,0
DA:148,0
DA:151,0
DA:152,0
DA:156,0
DA:159,0
DA:161,0
DA:163,0
DA:164,0
DA:172,0
DA:173,0
DA:174,0
DA:176,0
LF:59
LH:0
BRDA:9,0,0,0
BRDA:9,0,1,0
BRDA:27,1,0,0
BRDA:27,1,1,0
BRDA:29,2,0,0
BRDA:29,2,1,0
BRDA:33,3,0,0
BRDA:33,3,1,0
BRDA:37,4,0,0
BRDA:37,4,1,0
BRDA:44,5,0,0
BRDA:44,5,1,0
BRDA:47,6,0,0
BRDA:47,6,1,0
BRDA:76,7,0,0
BRDA:76,7,1,0
BRDA:141,8,0,0
BRDA:141,9,0,0
BRDA:151,10,0,0
BRDA:151,10,1,0
BRF:20
BRH:0
end_of_record
TN:
SF:src/utils/securityLogger.ts
FN:10,(anonymous_0)
FN:24,(anonymous_1)
FN:59,(anonymous_2)
FN:67,(anonymous_3)
FN:68,(anonymous_4)
FN:82,(anonymous_5)
FN:90,(anonymous_6)
FN:91,(anonymous_7)
FN:106,(anonymous_8)
FN:117,(anonymous_9)
FN:135,(anonymous_10)
FNF:11
FNH:0
FNDA:0,(anonymous_0)
FNDA:0,(anonymous_1)
FNDA:0,(anonymous_2)
FNDA:0,(anonymous_3)
FNDA:0,(anonymous_4)
FNDA:0,(anonymous_5)
FNDA:0,(anonymous_6)
FNDA:0,(anonymous_7)
FNDA:0,(anonymous_8)
FNDA:0,(anonymous_9)
FNDA:0,(anonymous_10)
DA:10,0
DA:11,0
DA:12,0
DA:24,0
DA:29,0
DA:31,0
DA:43,0
DA:49,0
DA:59,0
DA:63,0
DA:64,0
DA:66,0
DA:67,0
DA:68,0
DA:71,0
DA:72,0
DA:82,0
DA:86,0
DA:87,0
DA:89,0
DA:90,0
DA:91,0
DA:94,0
DA:95,0
DA:106,0
DA:111,0
DA:112,0
DA:113,0
DA:116,0
DA:118,0
DA:123,0
DA:125,0
DA:126,0
DA:135,0
DA:136,0
DA:137,0
DA:139,0
LF:37
LH:0
BRDA:36,0,0,0
BRDA:36,0,1,0
BRDA:61,1,0,0
BRDA:84,2,0,0
BRDA:108,3,0,0
BRDA:109,4,0,0
BRDA:118,5,0,0
BRDA:118,5,1,0
BRDA:118,5,2,0
BRF:9
BRH:0
end_of_record
TN:
SF:src/utils/storage.ts
FN:30,(anonymous_0)
FN:43,(anonymous_1)
FN:54,(anonymous_2)
FN:69,(anonymous_3)
FN:72,(anonymous_4)
FN:87,(anonymous_5)
FN:90,(anonymous_6)
FN:100,(anonymous_7)
FN:102,(anonymous_8)
FN:105,(anonymous_9)
FN:107,(anonymous_10)
FN:111,(anonymous_11)
FN:124,(anonymous_12)
FN:136,(anonymous_13)
FN:149,(anonymous_14)
FN:161,(anonymous_15)
FN:174,(anonymous_16)
FN:184,(anonymous_17)
FN:191,(anonymous_18)
FN:204,(anonymous_19)
FN:215,(anonymous_20)
FN:228,(anonymous_21)
FN:244,(anonymous_22)
FN:258,(anonymous_23)
FN:271,(anonymous_24)
FN:292,(anonymous_25)
FNF:26
FNH:0
FNDA:0,(anonymous_0)
FNDA:0,(anonymous_1)
FNDA:0,(anonymous_2)
FNDA:0,(anonymous_3)
FNDA:0,(anonymous_4)
FNDA:0,(anonymous_5)
FNDA:0,(anonymous_6)
FNDA:0,(anonymous_7)
FNDA:0,(anonymous_8)
FNDA:0,(anonymous_9)
FNDA:0,(anonymous_10)
FNDA:0,(anonymous_11)
FNDA:0,(anonymous_12)
FNDA:0,(anonymous_13)
FNDA:0,(anonymous_14)
FNDA:0,(anonymous_15)
FNDA:0,(anonymous_16)
FNDA:0,(anonymous_17)
FNDA:0,(anonymous_18)
FNDA:0,(anonymous_19)
FNDA:0,(anonymous_20)
FNDA:0,(anonymous_21)
FNDA:0,(anonymous_22)
FNDA:0,(anonymous_23)
FNDA:0,(anonymous_24)
FNDA:0,(anonymous_25)
DA:7,0
DA:24,0
DA:30,0
DA:31,0
DA:32,0
DA:34,0
DA:35,0
DA:36,0
DA:38,0
DA:39,0
DA:43,0
DA:44,0
DA:46,0
DA:47,0
DA:48,0
DA:50,0
DA:54,0
DA:55,0
DA:56,0
DA:58,0
DA:59,0
DA:60,0
DA:63,0
DA:65,0
DA:69,0
DA:70,0
DA:71,0
DA:72,0
DA:73,0
DA:75,0
DA:76,0
DA:77,0
DA:80,0
DA:83,0
DA:87,0
DA:88,0
DA:89,0
DA:90,0
DA:91,0
DA:94,0
DA:96,0
DA:100,0
DA:101,0
DA:102,0
DA:105,0
DA:106,0
DA:107,0
DA:111,0
DA:112,0
DA:113,0
DA:115,0
DA:116,0
DA:117,0
DA:119,0
DA:120,0
DA:124,0
DA:125,0
DA:127,0
DA:128,0
DA:129,0
DA:131,0
DA:136,0
DA:137,0
DA:138,0
DA:140,0
DA:141,0
DA:142,0
DA:144,0
DA:145,0
DA:149,0
DA:150,0
DA:152,0
DA:153,0
DA:154,0
DA:156,0
DA:161,0
DA:162,0
DA:163,0
DA:165,0
DA:166,0
DA:167,0
DA:169,0
DA:170,0
DA:174,0
DA:175,0
DA:176,0
DA:177,0
DA:178,0
DA:180,0
DA:184,0
DA:185,0
DA:186,0
DA:187,0
DA:191,0
DA:192,0
DA:193,0
DA:195,0
DA:196,0
DA:197,0
DA:199,0
DA:200,0
DA:204,0
DA:205,0
DA:207,0
DA:208,0
DA:209,0
DA:211,0
DA:215,0
DA:216,0
DA:217,0
DA:219,0
DA:220,0
DA:221,0
DA:223,0
DA:228,0
DA:229,0
DA:230,0
DA:231,0
DA:234,0
DA:235,0
DA:237,0
DA:240,0
DA:244,0
DA:245,0
DA:246,0
DA:248,0
DA:249,0
DA:250,0
DA:252,0
DA:253,0
DA:258,0
DA:259,0
DA:260,0
DA:262,0
DA:263,0
DA:264,0
DA:266,0
DA:267,0
DA:271,0
DA:272,0
DA:274,0
DA:275,0
DA:277,0
DA:282,0
DA:283,0
DA:286,0
DA:288,0
DA:292,0
DA:293,0
DA:294,0
DA:295,0
DA:298,0
DA:299,0
DA:301,0
DA:304,0
DA:306,0
DA:307,0
LF:157
LH:0
BRDA:32,0,0,0
BRDA:32,0,1,0
BRDA:73,1,0,0
BRDA:73,1,1,0
BRDA:102,2,0,0
BRDA:102,2,1,0
BRDA:107,3,0,0
BRDA:107,3,1,0
BRDA:113,4,0,0
BRDA:113,4,1,0
BRDA:138,5,0,0
BRDA:138,5,1,0
BRDA:163,6,0,0
BRDA:163,6,1,0
BRDA:193,7,0,0
BRDA:193,7,1,0
BRDA:234,8,0,0
BRDA:234,8,1,0
BRDA:246,9,0,0
BRDA:246,9,1,0
BRDA:260,10,0,0
BRDA:260,10,1,0
BRDA:295,11,0,0
BRDA:295,11,1,0
BRDA:298,12,0,0
BRDA:298,12,1,0
BRF:26
BRH:0
end_of_record
